<?xml version="1.0" encoding="UTF-8"?>
<coverage generated="1543822311399" clover="3.2.0">
  <project timestamp="1543822311399" name="All files">
    <metrics statements="228" coveredstatements="225" conditionals="280" coveredconditionals="275" methods="72" coveredmethods="69" elements="580" coveredelements="569" complexity="0" loc="228" ncloc="228" packages="24" files="58" classes="58">
      <package name="assets">
        <metrics statements="7" coveredstatements="7" conditionals="0" coveredconditionals="0" methods="0" coveredmethods="0"/>
        <file name="alert1.png" path="/Users/sooraj/wp2react-bootstrap/src/assets/alert1.png">
          <metrics statements="1" coveredstatements="1" conditionals="0" coveredconditionals="0" methods="0" coveredmethods="0"/>
          <line num="1" count="1" type="stmt"/>
        </file>
        <file name="creditcard.png" path="/Users/sooraj/wp2react-bootstrap/src/assets/creditcard.png">
          <metrics statements="1" coveredstatements="1" conditionals="0" coveredconditionals="0" methods="0" coveredmethods="0"/>
          <line num="1" count="1" type="stmt"/>
        </file>
        <file name="decoration.png" path="/Users/sooraj/wp2react-bootstrap/src/assets/decoration.png">
          <metrics statements="1" coveredstatements="1" conditionals="0" coveredconditionals="0" methods="0" coveredmethods="0"/>
          <line num="1" count="1" type="stmt"/>
        </file>
        <file name="gift.png" path="/Users/sooraj/wp2react-bootstrap/src/assets/gift.png">
          <metrics statements="1" coveredstatements="1" conditionals="0" coveredconditionals="0" methods="0" coveredmethods="0"/>
          <line num="1" count="1" type="stmt"/>
        </file>
        <file name="pine.png" path="/Users/sooraj/wp2react-bootstrap/src/assets/pine.png">
          <metrics statements="1" coveredstatements="1" conditionals="0" coveredconditionals="0" methods="0" coveredmethods="0"/>
          <line num="1" count="1" type="stmt"/>
        </file>
        <file name="product.png" path="/Users/sooraj/wp2react-bootstrap/src/assets/product.png">
          <metrics statements="1" coveredstatements="1" conditionals="0" coveredconditionals="0" methods="0" coveredmethods="0"/>
          <line num="1" count="1" type="stmt"/>
        </file>
        <file name="splash.png" path="/Users/sooraj/wp2react-bootstrap/src/assets/splash.png">
          <metrics statements="1" coveredstatements="1" conditionals="0" coveredconditionals="0" methods="0" coveredmethods="0"/>
          <line num="1" count="1" type="stmt"/>
        </file>
      </package>
      <package name="components.banner">
        <metrics statements="4" coveredstatements="4" conditionals="0" coveredconditionals="0" methods="0" coveredmethods="0"/>
        <file name="bannerConfig.js" path="/Users/sooraj/wp2react-bootstrap/src/components/banner/bannerConfig.js">
          <metrics statements="4" coveredstatements="4" conditionals="0" coveredconditionals="0" methods="0" coveredmethods="0"/>
          <line num="1" count="1" type="stmt"/>
          <line num="2" count="1" type="stmt"/>
          <line num="3" count="1" type="stmt"/>
          <line num="5" count="1" type="stmt"/>
        </file>
      </package>
      <package name="components.radiobutton">
        <metrics statements="1" coveredstatements="1" conditionals="0" coveredconditionals="0" methods="0" coveredmethods="0"/>
        <file name="radioButtonConfig.js" path="/Users/sooraj/wp2react-bootstrap/src/components/radiobutton/radioButtonConfig.js">
          <metrics statements="1" coveredstatements="1" conditionals="0" coveredconditionals="0" methods="0" coveredmethods="0"/>
          <line num="2" count="1" type="stmt"/>
        </file>
      </package>
      <package name="components.tabbar">
        <metrics statements="1" coveredstatements="1" conditionals="0" coveredconditionals="0" methods="0" coveredmethods="0"/>
        <file name="tabBarConfig.js" path="/Users/sooraj/wp2react-bootstrap/src/components/tabbar/tabBarConfig.js">
          <metrics statements="1" coveredstatements="1" conditionals="0" coveredconditionals="0" methods="0" coveredmethods="0"/>
          <line num="2" count="1" type="stmt"/>
        </file>
      </package>
      <package name="lib.alert">
        <metrics statements="9" coveredstatements="9" conditionals="8" coveredconditionals="8" methods="2" coveredmethods="2"/>
        <file name="alert.js" path="/Users/sooraj/wp2react-bootstrap/src/lib/alert/alert.js">
          <metrics statements="7" coveredstatements="7" conditionals="8" coveredconditionals="8" methods="2" coveredmethods="2"/>
          <line num="19" count="1" type="stmt"/>
          <line num="24" count="4" type="cond" truecount="2" falsecount="0"/>
          <line num="26" count="2" type="stmt"/>
          <line num="34" count="2" type="stmt"/>
          <line num="50" count="4" type="stmt"/>
          <line num="80" count="1" type="stmt"/>
          <line num="92" count="1" type="stmt"/>
        </file>
        <file name="styles.js" path="/Users/sooraj/wp2react-bootstrap/src/lib/alert/styles.js">
          <metrics statements="2" coveredstatements="2" conditionals="0" coveredconditionals="0" methods="0" coveredmethods="0"/>
          <line num="6" count="1" type="stmt"/>
          <line num="8" count="1" type="stmt"/>
        </file>
      </package>
      <package name="lib.banner">
        <metrics statements="7" coveredstatements="7" conditionals="8" coveredconditionals="8" methods="2" coveredmethods="2"/>
        <file name="banner.js" path="/Users/sooraj/wp2react-bootstrap/src/lib/banner/banner.js">
          <metrics statements="4" coveredstatements="4" conditionals="8" coveredconditionals="8" methods="2" coveredmethods="2"/>
          <line num="24" count="3" type="stmt"/>
          <line num="34" count="1" type="stmt"/>
          <line num="76" count="1" type="stmt"/>
          <line num="88" count="1" type="stmt"/>
        </file>
        <file name="config.js" path="/Users/sooraj/wp2react-bootstrap/src/lib/banner/config.js">
          <metrics statements="1" coveredstatements="1" conditionals="0" coveredconditionals="0" methods="0" coveredmethods="0"/>
          <line num="1" count="1" type="stmt"/>
        </file>
        <file name="styles.js" path="/Users/sooraj/wp2react-bootstrap/src/lib/banner/styles.js">
          <metrics statements="2" coveredstatements="2" conditionals="0" coveredconditionals="0" methods="0" coveredmethods="0"/>
          <line num="6" count="1" type="stmt"/>
          <line num="8" count="1" type="stmt"/>
        </file>
      </package>
      <package name="lib.button">
        <metrics statements="8" coveredstatements="8" conditionals="6" coveredconditionals="6" methods="3" coveredmethods="3"/>
        <file name="button.js" path="/Users/sooraj/wp2react-bootstrap/src/lib/button/button.js">
          <metrics statements="7" coveredstatements="7" conditionals="6" coveredconditionals="6" methods="3" coveredmethods="3"/>
          <line num="21" count="33" type="cond" truecount="2" falsecount="0"/>
          <line num="23" count="1" type="stmt"/>
          <line num="32" count="32" type="stmt"/>
          <line num="51" count="33" type="stmt"/>
          <line num="54" count="1" type="stmt"/>
          <line num="65" count="5" type="stmt"/>
          <line num="76" count="5" type="stmt"/>
        </file>
        <file name="styles.js" path="/Users/sooraj/wp2react-bootstrap/src/lib/button/styles.js">
          <metrics statements="1" coveredstatements="1" conditionals="0" coveredconditionals="0" methods="0" coveredmethods="0"/>
          <line num="5" count="5" type="stmt"/>
        </file>
      </package>
      <package name="lib.card">
        <metrics statements="8" coveredstatements="8" conditionals="30" coveredconditionals="29" methods="1" coveredmethods="1"/>
        <file name="card.js" path="/Users/sooraj/wp2react-bootstrap/src/lib/card/card.js">
          <metrics statements="3" coveredstatements="3" conditionals="28" coveredconditionals="28" methods="1" coveredmethods="1"/>
          <line num="24" count="3" type="stmt"/>
          <line num="164" count="1" type="stmt"/>
          <line num="186" count="1" type="stmt"/>
        </file>
        <file name="config.js" path="/Users/sooraj/wp2react-bootstrap/src/lib/card/config.js">
          <metrics statements="3" coveredstatements="3" conditionals="0" coveredconditionals="0" methods="0" coveredmethods="0"/>
          <line num="1" count="1" type="stmt"/>
          <line num="2" count="1" type="stmt"/>
          <line num="3" count="1" type="stmt"/>
        </file>
        <file name="styles.js" path="/Users/sooraj/wp2react-bootstrap/src/lib/card/styles.js">
          <metrics statements="2" coveredstatements="2" conditionals="2" coveredconditionals="1" methods="0" coveredmethods="0"/>
          <line num="8" count="1" type="stmt"/>
          <line num="10" count="1" type="stmt"/>
        </file>
      </package>
      <package name="lib.checkbox">
        <metrics statements="11" coveredstatements="11" conditionals="10" coveredconditionals="10" methods="4" coveredmethods="4"/>
        <file name="checkbox.js" path="/Users/sooraj/wp2react-bootstrap/src/lib/checkbox/checkbox.js">
          <metrics statements="10" coveredstatements="10" conditionals="10" coveredconditionals="10" methods="4" coveredmethods="4"/>
          <line num="22" count="5" type="stmt"/>
          <line num="23" count="5" type="stmt"/>
          <line num="29" count="3" type="stmt"/>
          <line num="30" count="3" type="cond" truecount="2" falsecount="0"/>
          <line num="31" count="1" type="stmt"/>
          <line num="33" count="2" type="stmt"/>
          <line num="38" count="8" type="stmt"/>
          <line num="48" count="1" type="stmt"/>
          <line num="82" count="1" type="stmt"/>
          <line num="94" count="1" type="stmt"/>
        </file>
        <file name="styles.js" path="/Users/sooraj/wp2react-bootstrap/src/lib/checkbox/styles.js">
          <metrics statements="1" coveredstatements="1" conditionals="0" coveredconditionals="0" methods="0" coveredmethods="0"/>
          <line num="5" count="1" type="stmt"/>
        </file>
      </package>
      <package name="lib.collapsible">
        <metrics statements="11" coveredstatements="11" conditionals="18" coveredconditionals="18" methods="4" coveredmethods="4"/>
        <file name="collapsible.js" path="/Users/sooraj/wp2react-bootstrap/src/lib/collapsible/collapsible.js">
          <metrics statements="9" coveredstatements="9" conditionals="18" coveredconditionals="18" methods="4" coveredmethods="4"/>
          <line num="22" count="4" type="stmt"/>
          <line num="23" count="4" type="stmt"/>
          <line num="29" count="3" type="cond" truecount="2" falsecount="0"/>
          <line num="30" count="1" type="stmt"/>
          <line num="32" count="2" type="stmt"/>
          <line num="38" count="7" type="stmt"/>
          <line num="50" count="1" type="stmt"/>
          <line num="116" count="1" type="stmt"/>
          <line num="131" count="1" type="stmt"/>
        </file>
        <file name="styles.js" path="/Users/sooraj/wp2react-bootstrap/src/lib/collapsible/styles.js">
          <metrics statements="2" coveredstatements="2" conditionals="0" coveredconditionals="0" methods="0" coveredmethods="0"/>
          <line num="6" count="1" type="stmt"/>
          <line num="8" count="1" type="stmt"/>
        </file>
      </package>
      <package name="lib.creditcardview">
        <metrics statements="10" coveredstatements="10" conditionals="18" coveredconditionals="17" methods="1" coveredmethods="1"/>
        <file name="config.js" path="/Users/sooraj/wp2react-bootstrap/src/lib/creditcardview/config.js">
          <metrics statements="2" coveredstatements="2" conditionals="0" coveredconditionals="0" methods="0" coveredmethods="0"/>
          <line num="1" count="1" type="stmt"/>
          <line num="2" count="1" type="stmt"/>
        </file>
        <file name="creditcardview.js" path="/Users/sooraj/wp2react-bootstrap/src/lib/creditcardview/creditcardview.js">
          <metrics statements="6" coveredstatements="6" conditionals="16" coveredconditionals="16" methods="1" coveredmethods="1"/>
          <line num="20" count="1" type="stmt"/>
          <line num="25" count="4" type="stmt"/>
          <line num="26" count="4" type="stmt"/>
          <line num="27" count="4" type="stmt"/>
          <line num="127" count="1" type="stmt"/>
          <line num="144" count="1" type="stmt"/>
        </file>
        <file name="styles.js" path="/Users/sooraj/wp2react-bootstrap/src/lib/creditcardview/styles.js">
          <metrics statements="2" coveredstatements="2" conditionals="2" coveredconditionals="1" methods="0" coveredmethods="0"/>
          <line num="7" count="1" type="stmt"/>
          <line num="9" count="1" type="stmt"/>
        </file>
      </package>
      <package name="lib.datepicker">
        <metrics statements="20" coveredstatements="18" conditionals="10" coveredconditionals="10" methods="8" coveredmethods="6"/>
        <file name="config.js" path="/Users/sooraj/wp2react-bootstrap/src/lib/datepicker/config.js">
          <metrics statements="1" coveredstatements="1" conditionals="0" coveredconditionals="0" methods="0" coveredmethods="0"/>
          <line num="1" count="1" type="stmt"/>
        </file>
        <file name="datepicker.js" path="/Users/sooraj/wp2react-bootstrap/src/lib/datepicker/datepicker.js">
          <metrics statements="17" coveredstatements="15" conditionals="10" coveredconditionals="10" methods="8" coveredmethods="6"/>
          <line num="31" count="5" type="stmt"/>
          <line num="32" count="5" type="stmt"/>
          <line num="39" count="3" type="cond" truecount="2" falsecount="0"/>
          <line num="40" count="1" type="stmt"/>
          <line num="42" count="2" type="stmt"/>
          <line num="47" count="2" type="stmt"/>
          <line num="51" count="1" type="stmt"/>
          <line num="52" count="1" type="stmt"/>
          <line num="53" count="1" type="stmt"/>
          <line num="54" count="1" type="stmt"/>
          <line num="55" count="1" type="stmt"/>
          <line num="60" count="11" type="stmt"/>
          <line num="87" count="0" type="stmt"/>
          <line num="91" count="1" type="stmt"/>
          <line num="109" count="0" type="stmt"/>
          <line num="116" count="1" type="stmt"/>
          <line num="127" count="1" type="stmt"/>
        </file>
        <file name="styles.js" path="/Users/sooraj/wp2react-bootstrap/src/lib/datepicker/styles.js">
          <metrics statements="2" coveredstatements="2" conditionals="0" coveredconditionals="0" methods="0" coveredmethods="0"/>
          <line num="6" count="1" type="stmt"/>
          <line num="8" count="1" type="stmt"/>
        </file>
      </package>
      <package name="lib.draweritem">
        <metrics statements="10" coveredstatements="10" conditionals="18" coveredconditionals="16" methods="2" coveredmethods="2"/>
        <file name="config.js" path="/Users/sooraj/wp2react-bootstrap/src/lib/draweritem/config.js">
          <metrics statements="4" coveredstatements="4" conditionals="0" coveredconditionals="0" methods="0" coveredmethods="0"/>
          <line num="1" count="1" type="stmt"/>
          <line num="2" count="1" type="stmt"/>
          <line num="3" count="1" type="stmt"/>
          <line num="4" count="1" type="stmt"/>
        </file>
        <file name="draweritem.js" path="/Users/sooraj/wp2react-bootstrap/src/lib/draweritem/draweritem.js">
          <metrics statements="4" coveredstatements="4" conditionals="18" coveredconditionals="16" methods="2" coveredmethods="2"/>
          <line num="23" count="4" type="stmt"/>
          <line num="26" count="1" type="stmt"/>
          <line num="108" count="1" type="stmt"/>
          <line num="124" count="1" type="stmt"/>
        </file>
        <file name="styles.js" path="/Users/sooraj/wp2react-bootstrap/src/lib/draweritem/styles.js">
          <metrics statements="2" coveredstatements="2" conditionals="0" coveredconditionals="0" methods="0" coveredmethods="0"/>
          <line num="6" count="1" type="stmt"/>
          <line num="8" count="1" type="stmt"/>
        </file>
      </package>
      <package name="lib.dropdown">
        <metrics statements="17" coveredstatements="16" conditionals="18" coveredconditionals="18" methods="11" coveredmethods="10"/>
        <file name="dropdown.js" path="/Users/sooraj/wp2react-bootstrap/src/lib/dropdown/dropdown.js">
          <metrics statements="15" coveredstatements="14" conditionals="18" coveredconditionals="18" methods="11" coveredmethods="10"/>
          <line num="25" count="6" type="stmt"/>
          <line num="26" count="6" type="stmt"/>
          <line num="32" count="4" type="stmt"/>
          <line num="36" count="2" type="stmt"/>
          <line num="37" count="2" type="stmt"/>
          <line num="40" count="12" type="stmt"/>
          <line num="43" count="12" type="stmt"/>
          <line num="59" count="1" type="stmt"/>
          <line num="84" count="12" type="stmt"/>
          <line num="86" count="1" type="stmt"/>
          <line num="109" count="1" type="stmt"/>
          <line num="142" count="0" type="stmt"/>
          <line num="153" count="1" type="stmt"/>
          <line num="166" count="1" type="stmt"/>
          <line num="183" count="1" type="stmt"/>
        </file>
        <file name="styles.js" path="/Users/sooraj/wp2react-bootstrap/src/lib/dropdown/styles.js">
          <metrics statements="2" coveredstatements="2" conditionals="0" coveredconditionals="0" methods="0" coveredmethods="0"/>
          <line num="7" count="1" type="stmt"/>
          <line num="9" count="1" type="stmt"/>
        </file>
      </package>
      <package name="lib.horizontalmenu">
        <metrics statements="10" coveredstatements="10" conditionals="6" coveredconditionals="6" methods="3" coveredmethods="3"/>
        <file name="config.js" path="/Users/sooraj/wp2react-bootstrap/src/lib/horizontalmenu/config.js">
          <metrics statements="1" coveredstatements="1" conditionals="0" coveredconditionals="0" methods="0" coveredmethods="0"/>
          <line num="1" count="1" type="stmt"/>
        </file>
        <file name="horizontalmenu.js" path="/Users/sooraj/wp2react-bootstrap/src/lib/horizontalmenu/horizontalmenu.js">
          <metrics statements="3" coveredstatements="3" conditionals="2" coveredconditionals="2" methods="1" coveredmethods="1"/>
          <line num="20" count="2" type="stmt"/>
          <line num="32" count="1" type="stmt"/>
          <line num="37" count="1" type="stmt"/>
        </file>
        <file name="horizontalmenuitem.js" path="/Users/sooraj/wp2react-bootstrap/src/lib/horizontalmenu/horizontalmenuitem.js">
          <metrics statements="4" coveredstatements="4" conditionals="4" coveredconditionals="4" methods="2" coveredmethods="2"/>
          <line num="24" count="3" type="stmt"/>
          <line num="27" count="1" type="stmt"/>
          <line num="63" count="1" type="stmt"/>
          <line num="72" count="1" type="stmt"/>
        </file>
        <file name="styles.js" path="/Users/sooraj/wp2react-bootstrap/src/lib/horizontalmenu/styles.js">
          <metrics statements="2" coveredstatements="2" conditionals="0" coveredconditionals="0" methods="0" coveredmethods="0"/>
          <line num="6" count="2" type="stmt"/>
          <line num="8" count="2" type="stmt"/>
        </file>
      </package>
      <package name="lib.listitem">
        <metrics statements="9" coveredstatements="9" conditionals="30" coveredconditionals="29" methods="2" coveredmethods="2"/>
        <file name="config.js" path="/Users/sooraj/wp2react-bootstrap/src/lib/listitem/config.js">
          <metrics statements="2" coveredstatements="2" conditionals="0" coveredconditionals="0" methods="0" coveredmethods="0"/>
          <line num="1" count="1" type="stmt"/>
          <line num="2" count="1" type="stmt"/>
        </file>
        <file name="listitem.js" path="/Users/sooraj/wp2react-bootstrap/src/lib/listitem/listitem.js">
          <metrics statements="5" coveredstatements="5" conditionals="28" coveredconditionals="28" methods="2" coveredmethods="2"/>
          <line num="22" count="1" type="stmt"/>
          <line num="27" count="1" type="stmt"/>
          <line num="31" count="3" type="stmt"/>
          <line num="181" count="1" type="stmt"/>
          <line num="206" count="1" type="stmt"/>
        </file>
        <file name="styles.js" path="/Users/sooraj/wp2react-bootstrap/src/lib/listitem/styles.js">
          <metrics statements="2" coveredstatements="2" conditionals="2" coveredconditionals="1" methods="0" coveredmethods="0"/>
          <line num="8" count="1" type="stmt"/>
          <line num="10" count="1" type="stmt"/>
        </file>
      </package>
      <package name="lib.navheader">
        <metrics statements="7" coveredstatements="7" conditionals="10" coveredconditionals="10" methods="3" coveredmethods="3"/>
        <file name="navheader.js" path="/Users/sooraj/wp2react-bootstrap/src/lib/navheader/navheader.js">
          <metrics statements="5" coveredstatements="5" conditionals="10" coveredconditionals="10" methods="3" coveredmethods="3"/>
          <line num="21" count="5" type="stmt"/>
          <line num="33" count="1" type="stmt"/>
          <line num="64" count="1" type="stmt"/>
          <line num="87" count="1" type="stmt"/>
          <line num="103" count="1" type="stmt"/>
        </file>
        <file name="styles.js" path="/Users/sooraj/wp2react-bootstrap/src/lib/navheader/styles.js">
          <metrics statements="2" coveredstatements="2" conditionals="0" coveredconditionals="0" methods="0" coveredmethods="0"/>
          <line num="6" count="1" type="stmt"/>
          <line num="8" count="1" type="stmt"/>
        </file>
      </package>
      <package name="lib.notificationbar">
        <metrics statements="5" coveredstatements="5" conditionals="10" coveredconditionals="10" methods="1" coveredmethods="1"/>
        <file name="notificationbar.js" path="/Users/sooraj/wp2react-bootstrap/src/lib/notificationbar/notificationbar.js">
          <metrics statements="3" coveredstatements="3" conditionals="10" coveredconditionals="10" methods="1" coveredmethods="1"/>
          <line num="21" count="2" type="stmt"/>
          <line num="84" count="1" type="stmt"/>
          <line num="98" count="1" type="stmt"/>
        </file>
        <file name="styles.js" path="/Users/sooraj/wp2react-bootstrap/src/lib/notificationbar/styles.js">
          <metrics statements="2" coveredstatements="2" conditionals="0" coveredconditionals="0" methods="0" coveredmethods="0"/>
          <line num="6" count="1" type="stmt"/>
          <line num="8" count="1" type="stmt"/>
        </file>
      </package>
      <package name="lib.radiobutton">
        <metrics statements="10" coveredstatements="10" conditionals="10" coveredconditionals="10" methods="5" coveredmethods="5"/>
        <file name="radiobutton.js" path="/Users/sooraj/wp2react-bootstrap/src/lib/radiobutton/radiobutton.js">
          <metrics statements="9" coveredstatements="9" conditionals="10" coveredconditionals="10" methods="5" coveredmethods="5"/>
          <line num="22" count="3" type="stmt"/>
          <line num="23" count="3" type="stmt"/>
          <line num="29" count="1" type="stmt"/>
          <line num="30" count="1" type="stmt"/>
          <line num="34" count="4" type="stmt"/>
          <line num="46" count="16" type="stmt"/>
          <line num="58" count="1" type="stmt"/>
          <line num="101" count="1" type="stmt"/>
          <line num="115" count="1" type="stmt"/>
        </file>
        <file name="styles.js" path="/Users/sooraj/wp2react-bootstrap/src/lib/radiobutton/styles.js">
          <metrics statements="1" coveredstatements="1" conditionals="0" coveredconditionals="0" methods="0" coveredmethods="0"/>
          <line num="6" count="1" type="stmt"/>
        </file>
      </package>
      <package name="lib.splashscreen">
        <metrics statements="8" coveredstatements="8" conditionals="14" coveredconditionals="14" methods="3" coveredmethods="3"/>
        <file name="splashscreen.js" path="/Users/sooraj/wp2react-bootstrap/src/lib/splashscreen/splashscreen.js">
          <metrics statements="6" coveredstatements="6" conditionals="14" coveredconditionals="14" methods="3" coveredmethods="3"/>
          <line num="19" count="1" type="stmt"/>
          <line num="24" count="4" type="stmt"/>
          <line num="25" count="4" type="stmt"/>
          <line num="29" count="4" type="stmt"/>
          <line num="105" count="1" type="stmt"/>
          <line num="119" count="1" type="stmt"/>
        </file>
        <file name="styles.js" path="/Users/sooraj/wp2react-bootstrap/src/lib/splashscreen/styles.js">
          <metrics statements="2" coveredstatements="2" conditionals="0" coveredconditionals="0" methods="0" coveredmethods="0"/>
          <line num="6" count="1" type="stmt"/>
          <line num="8" count="1" type="stmt"/>
        </file>
      </package>
      <package name="lib.tabbar">
        <metrics statements="13" coveredstatements="13" conditionals="12" coveredconditionals="12" methods="5" coveredmethods="5"/>
        <file name="styles.js" path="/Users/sooraj/wp2react-bootstrap/src/lib/tabbar/styles.js">
          <metrics statements="2" coveredstatements="2" conditionals="0" coveredconditionals="0" methods="0" coveredmethods="0"/>
          <line num="6" count="1" type="stmt"/>
          <line num="8" count="1" type="stmt"/>
        </file>
        <file name="tabbar.js" path="/Users/sooraj/wp2react-bootstrap/src/lib/tabbar/tabbar.js">
          <metrics statements="11" coveredstatements="11" conditionals="12" coveredconditionals="12" methods="5" coveredmethods="5"/>
          <line num="19" count="1" type="stmt"/>
          <line num="24" count="4" type="stmt"/>
          <line num="25" count="4" type="stmt"/>
          <line num="31" count="2" type="stmt"/>
          <line num="32" count="2" type="stmt"/>
          <line num="36" count="6" type="stmt"/>
          <line num="37" count="6" type="stmt"/>
          <line num="49" count="24" type="stmt"/>
          <line num="52" count="1" type="stmt"/>
          <line num="92" count="1" type="stmt"/>
          <line num="104" count="1" type="stmt"/>
        </file>
      </package>
      <package name="lib.textinput">
        <metrics statements="17" coveredstatements="17" conditionals="12" coveredconditionals="12" methods="4" coveredmethods="4"/>
        <file name="styles.js" path="/Users/sooraj/wp2react-bootstrap/src/lib/textinput/styles.js">
          <metrics statements="1" coveredstatements="1" conditionals="0" coveredconditionals="0" methods="0" coveredmethods="0"/>
          <line num="5" count="1" type="stmt"/>
        </file>
        <file name="textinput.js" path="/Users/sooraj/wp2react-bootstrap/src/lib/textinput/textinput.js">
          <metrics statements="16" coveredstatements="16" conditionals="12" coveredconditionals="12" methods="4" coveredmethods="4"/>
          <line num="20" count="5" type="stmt"/>
          <line num="21" count="5" type="stmt"/>
          <line num="28" count="5" type="stmt"/>
          <line num="29" count="5" type="stmt"/>
          <line num="30" count="5" type="stmt"/>
          <line num="31" count="5" type="cond" truecount="2" falsecount="0"/>
          <line num="32" count="2" type="stmt"/>
          <line num="33" count="2" type="stmt"/>
          <line num="35" count="3" type="stmt"/>
          <line num="36" count="3" type="stmt"/>
          <line num="41" count="15" type="cond" truecount="2" falsecount="0"/>
          <line num="47" count="15" type="cond" truecount="2" falsecount="0"/>
          <line num="53" count="15" type="stmt"/>
          <line num="87" count="1" type="stmt"/>
          <line num="96" count="1" type="stmt"/>
          <line num="110" count="1" type="stmt"/>
        </file>
      </package>
      <package name="lib.textinputeditor">
        <metrics statements="6" coveredstatements="6" conditionals="10" coveredconditionals="10" methods="3" coveredmethods="3"/>
        <file name="styles.js" path="/Users/sooraj/wp2react-bootstrap/src/lib/textinputeditor/styles.js">
          <metrics statements="1" coveredstatements="1" conditionals="0" coveredconditionals="0" methods="0" coveredmethods="0"/>
          <line num="5" count="1" type="stmt"/>
        </file>
        <file name="textinputeditor.js" path="/Users/sooraj/wp2react-bootstrap/src/lib/textinputeditor/textinputeditor.js">
          <metrics statements="5" coveredstatements="5" conditionals="10" coveredconditionals="10" methods="3" coveredmethods="3"/>
          <line num="22" count="3" type="stmt"/>
          <line num="71" count="1" type="stmt"/>
          <line num="78" count="1" type="stmt"/>
          <line num="94" count="1" type="stmt"/>
          <line num="113" count="1" type="stmt"/>
        </file>
      </package>
      <package name="lib.textinputwithicon">
        <metrics statements="19" coveredstatements="19" conditionals="22" coveredconditionals="22" methods="5" coveredmethods="5"/>
        <file name="styles.js" path="/Users/sooraj/wp2react-bootstrap/src/lib/textinputwithicon/styles.js">
          <metrics statements="2" coveredstatements="2" conditionals="0" coveredconditionals="0" methods="0" coveredmethods="0"/>
          <line num="6" count="1" type="stmt"/>
          <line num="9" count="1" type="stmt"/>
        </file>
        <file name="textinputwithicon.js" path="/Users/sooraj/wp2react-bootstrap/src/lib/textinputwithicon/textinputwithicon.js">
          <metrics statements="17" coveredstatements="17" conditionals="22" coveredconditionals="22" methods="5" coveredmethods="5"/>
          <line num="23" count="8" type="stmt"/>
          <line num="24" count="8" type="stmt"/>
          <line num="31" count="5" type="stmt"/>
          <line num="32" count="5" type="stmt"/>
          <line num="33" count="5" type="stmt"/>
          <line num="34" count="5" type="cond" truecount="2" falsecount="0"/>
          <line num="35" count="2" type="stmt"/>
          <line num="36" count="2" type="stmt"/>
          <line num="38" count="3" type="stmt"/>
          <line num="39" count="3" type="stmt"/>
          <line num="44" count="18" type="cond" truecount="2" falsecount="0"/>
          <line num="50" count="18" type="cond" truecount="2" falsecount="0"/>
          <line num="56" count="18" type="stmt"/>
          <line num="99" count="1" type="stmt"/>
          <line num="107" count="1" type="stmt"/>
          <line num="141" count="1" type="stmt"/>
          <line num="164" count="1" type="stmt"/>
        </file>
      </package>
    </metrics>
  </project>
</coverage>
