{"/Users/sooraj/wp2react-bootstrap/src/assets/alert1.png": {"path":"/Users/sooraj/wp2react-bootstrap/src/assets/alert1.png","statementMap":{"0":{"start":{"line":1,"column":0},"end":{"line":3,"column":6}}},"fnMap":{},"branchMap":{},"s":{"0":1},"f":{},"b":{},"_coverageSchema":"332fd63041d2c1bcb487cc26dd0d5f7d97098a6c","hash":"80b98f43721b583382967cc83b1f40bd2c02de36"}
,"/Users/sooraj/wp2react-bootstrap/src/assets/creditcard.png": {"path":"/Users/sooraj/wp2react-bootstrap/src/assets/creditcard.png","statementMap":{"0":{"start":{"line":1,"column":0},"end":{"line":3,"column":6}}},"fnMap":{},"branchMap":{},"s":{"0":1},"f":{},"b":{},"_coverageSchema":"332fd63041d2c1bcb487cc26dd0d5f7d97098a6c","hash":"30ad73f7e9e4af20c49b3503dc29df741da6ff10"}
,"/Users/sooraj/wp2react-bootstrap/src/assets/decoration.png": {"path":"/Users/sooraj/wp2react-bootstrap/src/assets/decoration.png","statementMap":{"0":{"start":{"line":1,"column":0},"end":{"line":3,"column":6}}},"fnMap":{},"branchMap":{},"s":{"0":1},"f":{},"b":{},"_coverageSchema":"332fd63041d2c1bcb487cc26dd0d5f7d97098a6c","hash":"28711179678ef725623fa8fd67c7826943beef83"}
,"/Users/sooraj/wp2react-bootstrap/src/assets/gift.png": {"path":"/Users/sooraj/wp2react-bootstrap/src/assets/gift.png","statementMap":{"0":{"start":{"line":1,"column":0},"end":{"line":3,"column":6}}},"fnMap":{},"branchMap":{},"s":{"0":1},"f":{},"b":{},"_coverageSchema":"332fd63041d2c1bcb487cc26dd0d5f7d97098a6c","hash":"4c6534ce05ae4da3d25f9399b48773c8d8af7e7c"}
,"/Users/sooraj/wp2react-bootstrap/src/assets/pine.png": {"path":"/Users/sooraj/wp2react-bootstrap/src/assets/pine.png","statementMap":{"0":{"start":{"line":1,"column":0},"end":{"line":3,"column":6}}},"fnMap":{},"branchMap":{},"s":{"0":1},"f":{},"b":{},"_coverageSchema":"332fd63041d2c1bcb487cc26dd0d5f7d97098a6c","hash":"d700772258a4f2e8d1fdd94740816faf4bfac8c2"}
,"/Users/sooraj/wp2react-bootstrap/src/assets/product.png": {"path":"/Users/sooraj/wp2react-bootstrap/src/assets/product.png","statementMap":{"0":{"start":{"line":1,"column":0},"end":{"line":3,"column":6}}},"fnMap":{},"branchMap":{},"s":{"0":1},"f":{},"b":{},"_coverageSchema":"332fd63041d2c1bcb487cc26dd0d5f7d97098a6c","hash":"241210406621a83f5c7cda66daee2dc2bd2c43af"}
,"/Users/sooraj/wp2react-bootstrap/src/assets/splash.png": {"path":"/Users/sooraj/wp2react-bootstrap/src/assets/splash.png","statementMap":{"0":{"start":{"line":1,"column":0},"end":{"line":3,"column":6}}},"fnMap":{},"branchMap":{},"s":{"0":1},"f":{},"b":{},"_coverageSchema":"332fd63041d2c1bcb487cc26dd0d5f7d97098a6c","hash":"fdfc857db1dca4fcdee65685e3f7e7133c13124e"}
,"/Users/sooraj/wp2react-bootstrap/src/components/banner/bannerConfig.js": {"path":"/Users/sooraj/wp2react-bootstrap/src/components/banner/bannerConfig.js","statementMap":{"0":{"start":{"line":1,"column":18},"end":{"line":1,"column":50}},"1":{"start":{"line":2,"column":18},"end":{"line":2,"column":50}},"2":{"start":{"line":3,"column":24},"end":{"line":3,"column":62}},"3":{"start":{"line":5,"column":20},"end":{"line":24,"column":1}}},"fnMap":{},"branchMap":{},"s":{"0":1,"1":1,"2":1,"3":1},"f":{},"b":{},"_coverageSchema":"332fd63041d2c1bcb487cc26dd0d5f7d97098a6c","hash":"63482c74b06ba1947f792ecd3fbf91ab5531cc1f"}
,"/Users/sooraj/wp2react-bootstrap/src/components/radiobutton/radioButtonConfig.js": {"path":"/Users/sooraj/wp2react-bootstrap/src/components/radiobutton/radioButtonConfig.js","statementMap":{"0":{"start":{"line":2,"column":24},"end":{"line":19,"column":1}}},"fnMap":{},"branchMap":{},"s":{"0":1},"f":{},"b":{},"_coverageSchema":"332fd63041d2c1bcb487cc26dd0d5f7d97098a6c","hash":"78a3f649685d255c50bad117cd2e01ba3ec27e28"}
,"/Users/sooraj/wp2react-bootstrap/src/components/tabbar/tabBarConfig.js": {"path":"/Users/sooraj/wp2react-bootstrap/src/components/tabbar/tabBarConfig.js","statementMap":{"0":{"start":{"line":2,"column":17},"end":{"line":19,"column":1}}},"fnMap":{},"branchMap":{},"s":{"0":1},"f":{},"b":{},"_coverageSchema":"332fd63041d2c1bcb487cc26dd0d5f7d97098a6c","hash":"e819966247be4c865767da600e4116e1fd93a94d"}
,"/Users/sooraj/wp2react-bootstrap/src/lib/alert/alert.js": {"path":"/Users/sooraj/wp2react-bootstrap/src/lib/alert/alert.js","statementMap":{"0":{"start":{"line":19,"column":21},"end":{"line":19,"column":55}},"1":{"start":{"line":24,"column":4},"end":{"line":46,"column":5}},"2":{"start":{"line":26,"column":8},"end":{"line":32,"column":10}},"3":{"start":{"line":34,"column":8},"end":{"line":45,"column":10}},"4":{"start":{"line":50,"column":4},"end":{"line":75,"column":6}},"5":{"start":{"line":80,"column":0},"end":{"line":90,"column":2}},"6":{"start":{"line":92,"column":0},"end":{"line":102,"column":2}}},"fnMap":{"0":{"name":"(anonymous_0)","decl":{"start":{"line":23,"column":2},"end":{"line":23,"column":3}},"loc":{"start":{"line":23,"column":24},"end":{"line":47,"column":3}},"line":23},"1":{"name":"(anonymous_1)","decl":{"start":{"line":49,"column":2},"end":{"line":49,"column":3}},"loc":{"start":{"line":49,"column":11},"end":{"line":76,"column":3}},"line":49}},"branchMap":{"0":{"loc":{"start":{"line":24,"column":4},"end":{"line":46,"column":5}},"type":"switch","locations":[{"start":{"line":25,"column":6},"end":{"line":32,"column":10}},{"start":{"line":33,"column":6},"end":{"line":45,"column":10}}],"line":24},"1":{"loc":{"start":{"line":38,"column":14},"end":{"line":42,"column":26}},"type":"cond-expr","locations":[{"start":{"line":40,"column":14},"end":{"line":40,"column":35}},{"start":{"line":42,"column":14},"end":{"line":42,"column":26}}],"line":38},"2":{"loc":{"start":{"line":53,"column":10},"end":{"line":57,"column":26}},"type":"cond-expr","locations":[{"start":{"line":55,"column":10},"end":{"line":55,"column":40}},{"start":{"line":57,"column":10},"end":{"line":57,"column":26}}],"line":53},"3":{"loc":{"start":{"line":65,"column":12},"end":{"line":69,"column":26}},"type":"cond-expr","locations":[{"start":{"line":67,"column":12},"end":{"line":67,"column":35}},{"start":{"line":69,"column":12},"end":{"line":69,"column":26}}],"line":65}},"s":{"0":1,"1":4,"2":2,"3":2,"4":4,"5":1,"6":1},"f":{"0":4,"1":4},"b":{"0":[2,2],"1":[1,1],"2":[2,2],"3":[2,2]},"_coverageSchema":"332fd63041d2c1bcb487cc26dd0d5f7d97098a6c","hash":"150c79730e87d35ddaefb3ea2fa787cd0ed8bb55"}
,"/Users/sooraj/wp2react-bootstrap/src/lib/alert/styles.js": {"path":"/Users/sooraj/wp2react-bootstrap/src/lib/alert/styles.js","statementMap":{"0":{"start":{"line":6,"column":18},"end":{"line":6,"column":42}},"1":{"start":{"line":8,"column":15},"end":{"line":29,"column":2}}},"fnMap":{},"branchMap":{},"s":{"0":1,"1":1},"f":{},"b":{},"_coverageSchema":"332fd63041d2c1bcb487cc26dd0d5f7d97098a6c","hash":"996603565606a2a8f7c02aa8629342d49079ff9d"}
,"/Users/sooraj/wp2react-bootstrap/src/lib/banner/banner.js": {"path":"/Users/sooraj/wp2react-bootstrap/src/lib/banner/banner.js","statementMap":{"0":{"start":{"line":24,"column":4},"end":{"line":71,"column":6}},"1":{"start":{"line":34,"column":23},"end":{"line":34,"column":73}},"2":{"start":{"line":76,"column":0},"end":{"line":86,"column":2}},"3":{"start":{"line":88,"column":0},"end":{"line":98,"column":2}}},"fnMap":{"0":{"name":"(anonymous_0)","decl":{"start":{"line":23,"column":2},"end":{"line":23,"column":3}},"loc":{"start":{"line":23,"column":11},"end":{"line":72,"column":3}},"line":23},"1":{"name":"(anonymous_1)","decl":{"start":{"line":34,"column":17},"end":{"line":34,"column":18}},"loc":{"start":{"line":34,"column":23},"end":{"line":34,"column":73}},"line":34}},"branchMap":{"0":{"loc":{"start":{"line":27,"column":10},"end":{"line":31,"column":26}},"type":"cond-expr","locations":[{"start":{"line":29,"column":10},"end":{"line":29,"column":41}},{"start":{"line":31,"column":10},"end":{"line":31,"column":26}}],"line":27},"1":{"loc":{"start":{"line":40,"column":12},"end":{"line":44,"column":34}},"type":"cond-expr","locations":[{"start":{"line":42,"column":12},"end":{"line":42,"column":43}},{"start":{"line":44,"column":12},"end":{"line":44,"column":34}}],"line":40},"2":{"loc":{"start":{"line":49,"column":12},"end":{"line":53,"column":39}},"type":"cond-expr","locations":[{"start":{"line":51,"column":12},"end":{"line":51,"column":48}},{"start":{"line":53,"column":12},"end":{"line":53,"column":39}}],"line":49},"3":{"loc":{"start":{"line":59,"column":16},"end":{"line":63,"column":70}},"type":"cond-expr","locations":[{"start":{"line":61,"column":16},"end":{"line":61,"column":79}},{"start":{"line":63,"column":16},"end":{"line":63,"column":70}}],"line":59}},"s":{"0":3,"1":1,"2":1,"3":1},"f":{"0":3,"1":1},"b":{"0":[1,2],"1":[1,2],"2":[1,2],"3":[1,2]},"_coverageSchema":"332fd63041d2c1bcb487cc26dd0d5f7d97098a6c","hash":"200506d196ccd63f4c47db64b2a6189bba60fa89"}
,"/Users/sooraj/wp2react-bootstrap/src/lib/banner/config.js": {"path":"/Users/sooraj/wp2react-bootstrap/src/lib/banner/config.js","statementMap":{"0":{"start":{"line":1,"column":28},"end":{"line":1,"column":29}}},"fnMap":{},"branchMap":{},"s":{"0":1},"f":{},"b":{},"_coverageSchema":"332fd63041d2c1bcb487cc26dd0d5f7d97098a6c","hash":"9ddf37f7d085a082b4e680058ad1d8a1f8423193"}
,"/Users/sooraj/wp2react-bootstrap/src/lib/banner/styles.js": {"path":"/Users/sooraj/wp2react-bootstrap/src/lib/banner/styles.js","statementMap":{"0":{"start":{"line":6,"column":26},"end":{"line":6,"column":50}},"1":{"start":{"line":8,"column":15},"end":{"line":33,"column":2}}},"fnMap":{},"branchMap":{},"s":{"0":1,"1":1},"f":{},"b":{},"_coverageSchema":"332fd63041d2c1bcb487cc26dd0d5f7d97098a6c","hash":"80d4b6e21bf0b976b226f71eaf7d2a44a57dd8ea"}
,"/Users/sooraj/wp2react-bootstrap/src/lib/button/button.js": {"path":"/Users/sooraj/wp2react-bootstrap/src/lib/button/button.js","statementMap":{"0":{"start":{"line":21,"column":4},"end":{"line":47,"column":5}},"1":{"start":{"line":23,"column":8},"end":{"line":30,"column":10}},"2":{"start":{"line":32,"column":8},"end":{"line":46,"column":10}},"3":{"start":{"line":51,"column":4},"end":{"line":61,"column":6}},"4":{"start":{"line":54,"column":23},"end":{"line":54,"column":50}},"5":{"start":{"line":65,"column":0},"end":{"line":74,"column":2}},"6":{"start":{"line":76,"column":0},"end":{"line":85,"column":2}}},"fnMap":{"0":{"name":"(anonymous_0)","decl":{"start":{"line":20,"column":2},"end":{"line":20,"column":3}},"loc":{"start":{"line":20,"column":25},"end":{"line":48,"column":3}},"line":20},"1":{"name":"(anonymous_1)","decl":{"start":{"line":50,"column":2},"end":{"line":50,"column":3}},"loc":{"start":{"line":50,"column":11},"end":{"line":62,"column":3}},"line":50},"2":{"name":"(anonymous_2)","decl":{"start":{"line":54,"column":17},"end":{"line":54,"column":18}},"loc":{"start":{"line":54,"column":23},"end":{"line":54,"column":50}},"line":54}},"branchMap":{"0":{"loc":{"start":{"line":21,"column":4},"end":{"line":47,"column":5}},"type":"switch","locations":[{"start":{"line":22,"column":6},"end":{"line":30,"column":10}},{"start":{"line":31,"column":6},"end":{"line":46,"column":10}}],"line":21},"1":{"loc":{"start":{"line":37,"column":14},"end":{"line":41,"column":33}},"type":"cond-expr","locations":[{"start":{"line":39,"column":14},"end":{"line":39,"column":35}},{"start":{"line":41,"column":14},"end":{"line":41,"column":33}}],"line":37},"2":{"loc":{"start":{"line":55,"column":15},"end":{"line":55,"column":73}},"type":"cond-expr","locations":[{"start":{"line":55,"column":34},"end":{"line":55,"column":50}},{"start":{"line":55,"column":53},"end":{"line":55,"column":73}}],"line":55}},"s":{"0":33,"1":1,"2":32,"3":33,"4":1,"5":5,"6":5},"f":{"0":33,"1":33,"2":1},"b":{"0":[1,32],"1":[31,1],"2":[31,2]},"_coverageSchema":"332fd63041d2c1bcb487cc26dd0d5f7d97098a6c","hash":"e4867e22df6e6b53ccea0c6c543ac1c491f9d0b5"}
,"/Users/sooraj/wp2react-bootstrap/src/lib/button/styles.js": {"path":"/Users/sooraj/wp2react-bootstrap/src/lib/button/styles.js","statementMap":{"0":{"start":{"line":5,"column":15},"end":{"line":15,"column":2}}},"fnMap":{},"branchMap":{},"s":{"0":5},"f":{},"b":{},"_coverageSchema":"332fd63041d2c1bcb487cc26dd0d5f7d97098a6c","hash":"a905e64739ccdc37cdea0002f9e520b32d50f723"}
,"/Users/sooraj/wp2react-bootstrap/src/lib/card/card.js": {"path":"/Users/sooraj/wp2react-bootstrap/src/lib/card/card.js","statementMap":{"0":{"start":{"line":24,"column":4},"end":{"line":160,"column":6}},"1":{"start":{"line":164,"column":0},"end":{"line":184,"column":2}},"2":{"start":{"line":186,"column":0},"end":{"line":206,"column":2}}},"fnMap":{"0":{"name":"(anonymous_0)","decl":{"start":{"line":23,"column":2},"end":{"line":23,"column":3}},"loc":{"start":{"line":23,"column":11},"end":{"line":161,"column":3}},"line":23}},"branchMap":{"0":{"loc":{"start":{"line":27,"column":10},"end":{"line":31,"column":30}},"type":"cond-expr","locations":[{"start":{"line":29,"column":10},"end":{"line":29,"column":39}},{"start":{"line":31,"column":10},"end":{"line":31,"column":30}}],"line":27},"1":{"loc":{"start":{"line":36,"column":12},"end":{"line":40,"column":33}},"type":"cond-expr","locations":[{"start":{"line":38,"column":12},"end":{"line":38,"column":42}},{"start":{"line":40,"column":12},"end":{"line":40,"column":33}}],"line":36},"2":{"loc":{"start":{"line":46,"column":14},"end":{"line":50,"column":26}},"type":"cond-expr","locations":[{"start":{"line":48,"column":14},"end":{"line":48,"column":35}},{"start":{"line":50,"column":14},"end":{"line":50,"column":26}}],"line":46},"3":{"loc":{"start":{"line":56,"column":12},"end":{"line":60,"column":35}},"type":"cond-expr","locations":[{"start":{"line":58,"column":12},"end":{"line":58,"column":44}},{"start":{"line":60,"column":12},"end":{"line":60,"column":35}}],"line":56},"4":{"loc":{"start":{"line":65,"column":14},"end":{"line":69,"column":35}},"type":"cond-expr","locations":[{"start":{"line":67,"column":14},"end":{"line":67,"column":44}},{"start":{"line":69,"column":14},"end":{"line":69,"column":35}}],"line":65},"5":{"loc":{"start":{"line":75,"column":16},"end":{"line":79,"column":28}},"type":"cond-expr","locations":[{"start":{"line":77,"column":16},"end":{"line":77,"column":37}},{"start":{"line":79,"column":16},"end":{"line":79,"column":28}}],"line":75},"6":{"loc":{"start":{"line":82,"column":15},"end":{"line":82,"column":151}},"type":"cond-expr","locations":[{"start":{"line":82,"column":61},"end":{"line":82,"column":132}},{"start":{"line":82,"column":135},"end":{"line":82,"column":151}}],"line":82},"7":{"loc":{"start":{"line":87,"column":14},"end":{"line":91,"column":42}},"type":"cond-expr","locations":[{"start":{"line":89,"column":14},"end":{"line":89,"column":50}},{"start":{"line":91,"column":14},"end":{"line":91,"column":42}}],"line":87},"8":{"loc":{"start":{"line":97,"column":16},"end":{"line":101,"column":34}},"type":"cond-expr","locations":[{"start":{"line":99,"column":16},"end":{"line":99,"column":43}},{"start":{"line":101,"column":16},"end":{"line":101,"column":34}}],"line":97},"9":{"loc":{"start":{"line":109,"column":14},"end":{"line":113,"column":45}},"type":"cond-expr","locations":[{"start":{"line":111,"column":14},"end":{"line":111,"column":54}},{"start":{"line":113,"column":14},"end":{"line":113,"column":45}}],"line":109},"10":{"loc":{"start":{"line":119,"column":16},"end":{"line":123,"column":33}},"type":"cond-expr","locations":[{"start":{"line":121,"column":16},"end":{"line":121,"column":43}},{"start":{"line":123,"column":16},"end":{"line":123,"column":33}}],"line":119},"11":{"loc":{"start":{"line":126,"column":16},"end":{"line":130,"column":29}},"type":"cond-expr","locations":[{"start":{"line":128,"column":16},"end":{"line":128,"column":38}},{"start":{"line":130,"column":16},"end":{"line":130,"column":29}}],"line":126},"12":{"loc":{"start":{"line":136,"column":18},"end":{"line":140,"column":37}},"type":"cond-expr","locations":[{"start":{"line":138,"column":18},"end":{"line":138,"column":46}},{"start":{"line":140,"column":18},"end":{"line":140,"column":37}}],"line":136},"13":{"loc":{"start":{"line":147,"column":18},"end":{"line":151,"column":41}},"type":"cond-expr","locations":[{"start":{"line":149,"column":18},"end":{"line":149,"column":50}},{"start":{"line":151,"column":18},"end":{"line":151,"column":41}}],"line":147}},"s":{"0":3,"1":1,"2":1},"f":{"0":3},"b":{"0":[1,2],"1":[1,2],"2":[1,2],"3":[1,2],"4":[1,2],"5":[1,2],"6":[1,2],"7":[1,2],"8":[1,2],"9":[1,2],"10":[1,2],"11":[1,2],"12":[1,2],"13":[1,2]},"_coverageSchema":"332fd63041d2c1bcb487cc26dd0d5f7d97098a6c","hash":"5102f1f5f884dd21e2bbc7a8f946b86d43c7b6dd"}
,"/Users/sooraj/wp2react-bootstrap/src/lib/card/config.js": {"path":"/Users/sooraj/wp2react-bootstrap/src/lib/card/config.js","statementMap":{"0":{"start":{"line":1,"column":33},"end":{"line":1,"column":35}},"1":{"start":{"line":2,"column":30},"end":{"line":2,"column":31}},"2":{"start":{"line":3,"column":35},"end":{"line":3,"column":36}}},"fnMap":{},"branchMap":{},"s":{"0":1,"1":1,"2":1},"f":{},"b":{},"_coverageSchema":"332fd63041d2c1bcb487cc26dd0d5f7d97098a6c","hash":"e0aa55d75d04c9544afa762e3adb34ca50e66181"}
,"/Users/sooraj/wp2react-bootstrap/src/lib/card/styles.js": {"path":"/Users/sooraj/wp2react-bootstrap/src/lib/card/styles.js","statementMap":{"0":{"start":{"line":8,"column":26},"end":{"line":8,"column":50}},"1":{"start":{"line":10,"column":15},"end":{"line":95,"column":2}}},"fnMap":{},"branchMap":{"0":{"loc":{"start":{"line":81,"column":14},"end":{"line":81,"column":61}},"type":"cond-expr","locations":[{"start":{"line":81,"column":26},"end":{"line":81,"column":45}},{"start":{"line":81,"column":48},"end":{"line":81,"column":61}}],"line":81}},"s":{"0":1,"1":1},"f":{},"b":{"0":[1,0]},"_coverageSchema":"332fd63041d2c1bcb487cc26dd0d5f7d97098a6c","hash":"afa2738d66146ccb0ac544369c26a70f6e7c70ff"}
,"/Users/sooraj/wp2react-bootstrap/src/lib/checkbox/checkbox.js": {"path":"/Users/sooraj/wp2react-bootstrap/src/lib/checkbox/checkbox.js","statementMap":{"0":{"start":{"line":22,"column":4},"end":{"line":22,"column":17}},"1":{"start":{"line":23,"column":4},"end":{"line":25,"column":6}},"2":{"start":{"line":29,"column":4},"end":{"line":29,"column":31}},"3":{"start":{"line":30,"column":4},"end":{"line":34,"column":5}},"4":{"start":{"line":31,"column":6},"end":{"line":31,"column":41}},"5":{"start":{"line":33,"column":6},"end":{"line":33,"column":40}},"6":{"start":{"line":38,"column":4},"end":{"line":77,"column":6}},"7":{"start":{"line":48,"column":23},"end":{"line":48,"column":58}},"8":{"start":{"line":82,"column":0},"end":{"line":92,"column":2}},"9":{"start":{"line":94,"column":0},"end":{"line":104,"column":2}}},"fnMap":{"0":{"name":"(anonymous_0)","decl":{"start":{"line":21,"column":2},"end":{"line":21,"column":3}},"loc":{"start":{"line":21,"column":21},"end":{"line":26,"column":3}},"line":21},"1":{"name":"(anonymous_1)","decl":{"start":{"line":28,"column":2},"end":{"line":28,"column":3}},"loc":{"start":{"line":28,"column":22},"end":{"line":35,"column":3}},"line":28},"2":{"name":"(anonymous_2)","decl":{"start":{"line":37,"column":2},"end":{"line":37,"column":3}},"loc":{"start":{"line":37,"column":11},"end":{"line":78,"column":3}},"line":37},"3":{"name":"(anonymous_3)","decl":{"start":{"line":48,"column":17},"end":{"line":48,"column":18}},"loc":{"start":{"line":48,"column":23},"end":{"line":48,"column":58}},"line":48}},"branchMap":{"0":{"loc":{"start":{"line":30,"column":4},"end":{"line":34,"column":5}},"type":"if","locations":[{"start":{"line":30,"column":4},"end":{"line":34,"column":5}},{"start":{"line":30,"column":4},"end":{"line":34,"column":5}}],"line":30},"1":{"loc":{"start":{"line":42,"column":10},"end":{"line":46,"column":34}},"type":"cond-expr","locations":[{"start":{"line":44,"column":10},"end":{"line":44,"column":43}},{"start":{"line":46,"column":10},"end":{"line":46,"column":34}}],"line":42},"2":{"loc":{"start":{"line":51,"column":16},"end":{"line":51,"column":84}},"type":"cond-expr","locations":[{"start":{"line":51,"column":38},"end":{"line":51,"column":59}},{"start":{"line":51,"column":62},"end":{"line":51,"column":84}}],"line":51},"3":{"loc":{"start":{"line":57,"column":12},"end":{"line":61,"column":32}},"type":"cond-expr","locations":[{"start":{"line":59,"column":12},"end":{"line":59,"column":41}},{"start":{"line":61,"column":12},"end":{"line":61,"column":32}}],"line":57},"4":{"loc":{"start":{"line":66,"column":14},"end":{"line":70,"column":26}},"type":"cond-expr","locations":[{"start":{"line":68,"column":14},"end":{"line":68,"column":35}},{"start":{"line":70,"column":14},"end":{"line":70,"column":26}}],"line":66}},"s":{"0":5,"1":5,"2":3,"3":3,"4":1,"5":2,"6":8,"7":1,"8":1,"9":1},"f":{"0":5,"1":3,"2":8,"3":1},"b":{"0":[1,2],"1":[1,7],"2":[2,6],"3":[1,7],"4":[1,7]},"_coverageSchema":"332fd63041d2c1bcb487cc26dd0d5f7d97098a6c","hash":"9e818d0ec8a54f74cd0adb1c8ee0aea45160f1b5"}
,"/Users/sooraj/wp2react-bootstrap/src/lib/checkbox/styles.js": {"path":"/Users/sooraj/wp2react-bootstrap/src/lib/checkbox/styles.js","statementMap":{"0":{"start":{"line":5,"column":15},"end":{"line":17,"column":2}}},"fnMap":{},"branchMap":{},"s":{"0":1},"f":{},"b":{},"_coverageSchema":"332fd63041d2c1bcb487cc26dd0d5f7d97098a6c","hash":"3b8a85d021378ece9549687c358b9e8461720965"}
,"/Users/sooraj/wp2react-bootstrap/src/lib/collapsible/collapsible.js": {"path":"/Users/sooraj/wp2react-bootstrap/src/lib/collapsible/collapsible.js","statementMap":{"0":{"start":{"line":22,"column":4},"end":{"line":22,"column":17}},"1":{"start":{"line":23,"column":4},"end":{"line":25,"column":6}},"2":{"start":{"line":29,"column":4},"end":{"line":33,"column":5}},"3":{"start":{"line":30,"column":6},"end":{"line":30,"column":42}},"4":{"start":{"line":32,"column":6},"end":{"line":32,"column":41}},"5":{"start":{"line":38,"column":4},"end":{"line":112,"column":6}},"6":{"start":{"line":50,"column":25},"end":{"line":50,"column":46}},"7":{"start":{"line":116,"column":0},"end":{"line":129,"column":2}},"8":{"start":{"line":131,"column":0},"end":{"line":144,"column":2}}},"fnMap":{"0":{"name":"(anonymous_0)","decl":{"start":{"line":21,"column":2},"end":{"line":21,"column":3}},"loc":{"start":{"line":21,"column":21},"end":{"line":26,"column":3}},"line":21},"1":{"name":"(anonymous_1)","decl":{"start":{"line":28,"column":2},"end":{"line":28,"column":3}},"loc":{"start":{"line":28,"column":19},"end":{"line":34,"column":3}},"line":28},"2":{"name":"(anonymous_2)","decl":{"start":{"line":37,"column":2},"end":{"line":37,"column":3}},"loc":{"start":{"line":37,"column":11},"end":{"line":113,"column":3}},"line":37},"3":{"name":"(anonymous_3)","decl":{"start":{"line":50,"column":19},"end":{"line":50,"column":20}},"loc":{"start":{"line":50,"column":25},"end":{"line":50,"column":46}},"line":50}},"branchMap":{"0":{"loc":{"start":{"line":29,"column":4},"end":{"line":33,"column":5}},"type":"if","locations":[{"start":{"line":29,"column":4},"end":{"line":33,"column":5}},{"start":{"line":29,"column":4},"end":{"line":33,"column":5}}],"line":29},"1":{"loc":{"start":{"line":41,"column":10},"end":{"line":45,"column":26}},"type":"cond-expr","locations":[{"start":{"line":43,"column":10},"end":{"line":43,"column":35}},{"start":{"line":45,"column":10},"end":{"line":45,"column":26}}],"line":41},"2":{"loc":{"start":{"line":52,"column":12},"end":{"line":56,"column":34}},"type":"cond-expr","locations":[{"start":{"line":54,"column":12},"end":{"line":54,"column":43}},{"start":{"line":56,"column":12},"end":{"line":56,"column":34}}],"line":52},"3":{"loc":{"start":{"line":61,"column":14},"end":{"line":65,"column":35}},"type":"cond-expr","locations":[{"start":{"line":63,"column":14},"end":{"line":63,"column":44}},{"start":{"line":65,"column":14},"end":{"line":65,"column":35}}],"line":61},"4":{"loc":{"start":{"line":70,"column":16},"end":{"line":74,"column":28}},"type":"cond-expr","locations":[{"start":{"line":72,"column":16},"end":{"line":72,"column":37}},{"start":{"line":74,"column":16},"end":{"line":74,"column":28}}],"line":70},"5":{"loc":{"start":{"line":82,"column":14},"end":{"line":86,"column":34}},"type":"cond-expr","locations":[{"start":{"line":84,"column":14},"end":{"line":84,"column":43}},{"start":{"line":86,"column":14},"end":{"line":86,"column":34}}],"line":82},"6":{"loc":{"start":{"line":91,"column":16},"end":{"line":95,"column":37}},"type":"cond-expr","locations":[{"start":{"line":93,"column":16},"end":{"line":93,"column":40}},{"start":{"line":95,"column":16},"end":{"line":95,"column":37}}],"line":91},"7":{"loc":{"start":{"line":99,"column":16},"end":{"line":103,"column":42}},"type":"cond-expr","locations":[{"start":{"line":101,"column":16},"end":{"line":101,"column":45}},{"start":{"line":103,"column":16},"end":{"line":103,"column":42}}],"line":99},"8":{"loc":{"start":{"line":108,"column":21},"end":{"line":108,"column":82}},"type":"cond-expr","locations":[{"start":{"line":108,"column":44},"end":{"line":108,"column":64}},{"start":{"line":108,"column":67},"end":{"line":108,"column":82}}],"line":108}},"s":{"0":4,"1":4,"2":3,"3":1,"4":2,"5":7,"6":1,"7":1,"8":1},"f":{"0":4,"1":3,"2":7,"3":1},"b":{"0":[1,2],"1":[6,1],"2":[6,1],"3":[6,1],"4":[6,1],"5":[5,2],"6":[2,5],"7":[2,5],"8":[2,5]},"_coverageSchema":"332fd63041d2c1bcb487cc26dd0d5f7d97098a6c","hash":"12fabd3fb153fc6d728c9870e5967748522848a0"}
,"/Users/sooraj/wp2react-bootstrap/src/lib/collapsible/styles.js": {"path":"/Users/sooraj/wp2react-bootstrap/src/lib/collapsible/styles.js","statementMap":{"0":{"start":{"line":6,"column":19},"end":{"line":6,"column":43}},"1":{"start":{"line":8,"column":15},"end":{"line":38,"column":2}}},"fnMap":{},"branchMap":{},"s":{"0":1,"1":1},"f":{},"b":{},"_coverageSchema":"332fd63041d2c1bcb487cc26dd0d5f7d97098a6c","hash":"401982b6288b5fe18b5aaa2b58da4d9035af40fa"}
,"/Users/sooraj/wp2react-bootstrap/src/lib/creditcardview/config.js": {"path":"/Users/sooraj/wp2react-bootstrap/src/lib/creditcardview/config.js","statementMap":{"0":{"start":{"line":1,"column":29},"end":{"line":1,"column":30}},"1":{"start":{"line":2,"column":28},"end":{"line":2,"column":30}}},"fnMap":{},"branchMap":{},"s":{"0":1,"1":1},"f":{},"b":{},"_coverageSchema":"332fd63041d2c1bcb487cc26dd0d5f7d97098a6c","hash":"9710a50d2ba94dcdea16248c8d6334d73b310a9c"}
,"/Users/sooraj/wp2react-bootstrap/src/lib/creditcardview/creditcardview.js": {"path":"/Users/sooraj/wp2react-bootstrap/src/lib/creditcardview/creditcardview.js","statementMap":{"0":{"start":{"line":20,"column":24},"end":{"line":20,"column":62}},"1":{"start":{"line":25,"column":23},"end":{"line":25,"column":78}},"2":{"start":{"line":26,"column":24},"end":{"line":26,"column":56}},"3":{"start":{"line":27,"column":4},"end":{"line":123,"column":6}},"4":{"start":{"line":127,"column":0},"end":{"line":142,"column":2}},"5":{"start":{"line":144,"column":0},"end":{"line":159,"column":2}}},"fnMap":{"0":{"name":"(anonymous_0)","decl":{"start":{"line":24,"column":2},"end":{"line":24,"column":3}},"loc":{"start":{"line":24,"column":11},"end":{"line":124,"column":3}},"line":24}},"branchMap":{"0":{"loc":{"start":{"line":30,"column":10},"end":{"line":34,"column":26}},"type":"cond-expr","locations":[{"start":{"line":32,"column":10},"end":{"line":32,"column":39}},{"start":{"line":34,"column":10},"end":{"line":34,"column":26}}],"line":30},"1":{"loc":{"start":{"line":43,"column":12},"end":{"line":47,"column":34}},"type":"cond-expr","locations":[{"start":{"line":45,"column":12},"end":{"line":45,"column":43}},{"start":{"line":47,"column":12},"end":{"line":47,"column":34}}],"line":43},"2":{"loc":{"start":{"line":52,"column":14},"end":{"line":56,"column":40}},"type":"cond-expr","locations":[{"start":{"line":54,"column":14},"end":{"line":54,"column":49}},{"start":{"line":56,"column":14},"end":{"line":56,"column":40}}],"line":52},"3":{"loc":{"start":{"line":71,"column":16},"end":{"line":75,"column":41}},"type":"cond-expr","locations":[{"start":{"line":73,"column":16},"end":{"line":73,"column":53}},{"start":{"line":75,"column":16},"end":{"line":75,"column":41}}],"line":71},"4":{"loc":{"start":{"line":80,"column":17},"end":{"line":80,"column":71}},"type":"cond-expr","locations":[{"start":{"line":80,"column":39},"end":{"line":80,"column":58}},{"start":{"line":80,"column":61},"end":{"line":80,"column":71}}],"line":80},"5":{"loc":{"start":{"line":90,"column":17},"end":{"line":90,"column":92}},"type":"cond-expr","locations":[{"start":{"line":90,"column":46},"end":{"line":90,"column":72}},{"start":{"line":90,"column":75},"end":{"line":90,"column":92}}],"line":90},"6":{"loc":{"start":{"line":100,"column":17},"end":{"line":100,"column":74}},"type":"cond-expr","locations":[{"start":{"line":100,"column":40},"end":{"line":100,"column":60}},{"start":{"line":100,"column":63},"end":{"line":100,"column":74}}],"line":100},"7":{"loc":{"start":{"line":111,"column":15},"end":{"line":113,"column":70}},"type":"cond-expr","locations":[{"start":{"line":113,"column":16},"end":{"line":113,"column":46}},{"start":{"line":113,"column":49},"end":{"line":113,"column":70}}],"line":111}},"s":{"0":1,"1":4,"2":4,"3":4,"4":1,"5":1},"f":{"0":4},"b":{"0":[1,3],"1":[1,3],"2":[1,3],"3":[1,3],"4":[1,3],"5":[1,3],"6":[1,3],"7":[1,3]},"_coverageSchema":"332fd63041d2c1bcb487cc26dd0d5f7d97098a6c","hash":"a024641fccbd0a2e17499a1b8ced355fccc005f5"}
,"/Users/sooraj/wp2react-bootstrap/src/lib/creditcardview/styles.js": {"path":"/Users/sooraj/wp2react-bootstrap/src/lib/creditcardview/styles.js","statementMap":{"0":{"start":{"line":7,"column":19},"end":{"line":7,"column":43}},"1":{"start":{"line":9,"column":15},"end":{"line":62,"column":2}}},"fnMap":{},"branchMap":{"0":{"loc":{"start":{"line":59,"column":15},"end":{"line":59,"column":69}},"type":"cond-expr","locations":[{"start":{"line":59,"column":39},"end":{"line":59,"column":52}},{"start":{"line":59,"column":55},"end":{"line":59,"column":69}}],"line":59}},"s":{"0":1,"1":1},"f":{},"b":{"0":[1,0]},"_coverageSchema":"332fd63041d2c1bcb487cc26dd0d5f7d97098a6c","hash":"561ba5a293770b3ba4eaa6b8abc25fb739fe41da"}
,"/Users/sooraj/wp2react-bootstrap/src/lib/datepicker/config.js": {"path":"/Users/sooraj/wp2react-bootstrap/src/lib/datepicker/config.js","statementMap":{"0":{"start":{"line":1,"column":20},"end":{"line":1,"column":22}}},"fnMap":{},"branchMap":{},"s":{"0":1},"f":{},"b":{},"_coverageSchema":"332fd63041d2c1bcb487cc26dd0d5f7d97098a6c","hash":"085557f9d8b3cc5b77e6638248c24ce3667db860"}
,"/Users/sooraj/wp2react-bootstrap/src/lib/datepicker/datepicker.js": {"path":"/Users/sooraj/wp2react-bootstrap/src/lib/datepicker/datepicker.js","statementMap":{"0":{"start":{"line":31,"column":4},"end":{"line":31,"column":17}},"1":{"start":{"line":32,"column":4},"end":{"line":35,"column":6}},"2":{"start":{"line":39,"column":4},"end":{"line":43,"column":5}},"3":{"start":{"line":40,"column":6},"end":{"line":40,"column":56}},"4":{"start":{"line":42,"column":6},"end":{"line":42,"column":55}},"5":{"start":{"line":47,"column":4},"end":{"line":47,"column":54}},"6":{"start":{"line":51,"column":4},"end":{"line":51,"column":30}},"7":{"start":{"line":52,"column":23},"end":{"line":52,"column":38}},"8":{"start":{"line":53,"column":22},"end":{"line":53,"column":55}},"9":{"start":{"line":54,"column":4},"end":{"line":54,"column":48}},"10":{"start":{"line":55,"column":4},"end":{"line":55,"column":30}},"11":{"start":{"line":60,"column":4},"end":{"line":112,"column":6}},"12":{"start":{"line":87,"column":32},"end":{"line":87,"column":55}},"13":{"start":{"line":91,"column":25},"end":{"line":91,"column":48}},"14":{"start":{"line":109,"column":26},"end":{"line":109,"column":51}},"15":{"start":{"line":116,"column":0},"end":{"line":125,"column":2}},"16":{"start":{"line":127,"column":0},"end":{"line":136,"column":2}}},"fnMap":{"0":{"name":"(anonymous_0)","decl":{"start":{"line":30,"column":2},"end":{"line":30,"column":3}},"loc":{"start":{"line":30,"column":21},"end":{"line":36,"column":3}},"line":30},"1":{"name":"(anonymous_1)","decl":{"start":{"line":38,"column":2},"end":{"line":38,"column":3}},"loc":{"start":{"line":38,"column":21},"end":{"line":44,"column":3}},"line":38},"2":{"name":"(anonymous_2)","decl":{"start":{"line":46,"column":2},"end":{"line":46,"column":3}},"loc":{"start":{"line":46,"column":23},"end":{"line":48,"column":3}},"line":46},"3":{"name":"(anonymous_3)","decl":{"start":{"line":50,"column":21},"end":{"line":50,"column":22}},"loc":{"start":{"line":50,"column":31},"end":{"line":56,"column":3}},"line":50},"4":{"name":"(anonymous_4)","decl":{"start":{"line":59,"column":2},"end":{"line":59,"column":3}},"loc":{"start":{"line":59,"column":11},"end":{"line":113,"column":3}},"line":59},"5":{"name":"(anonymous_5)","decl":{"start":{"line":87,"column":26},"end":{"line":87,"column":27}},"loc":{"start":{"line":87,"column":32},"end":{"line":87,"column":55}},"line":87},"6":{"name":"(anonymous_6)","decl":{"start":{"line":91,"column":19},"end":{"line":91,"column":20}},"loc":{"start":{"line":91,"column":25},"end":{"line":91,"column":48}},"line":91},"7":{"name":"(anonymous_7)","decl":{"start":{"line":109,"column":20},"end":{"line":109,"column":21}},"loc":{"start":{"line":109,"column":26},"end":{"line":109,"column":51}},"line":109}},"branchMap":{"0":{"loc":{"start":{"line":39,"column":4},"end":{"line":43,"column":5}},"type":"if","locations":[{"start":{"line":39,"column":4},"end":{"line":43,"column":5}},{"start":{"line":39,"column":4},"end":{"line":43,"column":5}}],"line":39},"1":{"loc":{"start":{"line":63,"column":10},"end":{"line":67,"column":26}},"type":"cond-expr","locations":[{"start":{"line":65,"column":10},"end":{"line":65,"column":35}},{"start":{"line":67,"column":10},"end":{"line":67,"column":26}}],"line":63},"2":{"loc":{"start":{"line":74,"column":12},"end":{"line":78,"column":35}},"type":"cond-expr","locations":[{"start":{"line":76,"column":12},"end":{"line":76,"column":44}},{"start":{"line":78,"column":12},"end":{"line":78,"column":35}}],"line":74},"3":{"loc":{"start":{"line":81,"column":12},"end":{"line":85,"column":34}},"type":"cond-expr","locations":[{"start":{"line":83,"column":12},"end":{"line":83,"column":43}},{"start":{"line":85,"column":12},"end":{"line":85,"column":34}}],"line":81},"4":{"loc":{"start":{"line":93,"column":12},"end":{"line":97,"column":33}},"type":"cond-expr","locations":[{"start":{"line":95,"column":12},"end":{"line":95,"column":42}},{"start":{"line":97,"column":12},"end":{"line":97,"column":33}}],"line":93}},"s":{"0":5,"1":5,"2":3,"3":1,"4":2,"5":2,"6":1,"7":1,"8":1,"9":1,"10":1,"11":11,"12":0,"13":1,"14":0,"15":1,"16":1},"f":{"0":5,"1":3,"2":2,"3":1,"4":11,"5":0,"6":1,"7":0},"b":{"0":[1,2],"1":[5,6],"2":[5,6],"3":[5,6],"4":[5,6]},"_coverageSchema":"332fd63041d2c1bcb487cc26dd0d5f7d97098a6c","hash":"47ec273f04e709abea3ca7d71fb94421d9eac875"}
,"/Users/sooraj/wp2react-bootstrap/src/lib/datepicker/styles.js": {"path":"/Users/sooraj/wp2react-bootstrap/src/lib/datepicker/styles.js","statementMap":{"0":{"start":{"line":6,"column":19},"end":{"line":6,"column":43}},"1":{"start":{"line":8,"column":15},"end":{"line":34,"column":2}}},"fnMap":{},"branchMap":{},"s":{"0":1,"1":1},"f":{},"b":{},"_coverageSchema":"332fd63041d2c1bcb487cc26dd0d5f7d97098a6c","hash":"323d5efd3d54ef0ba15596af9c124654d6fa3307"}
,"/Users/sooraj/wp2react-bootstrap/src/lib/draweritem/config.js": {"path":"/Users/sooraj/wp2react-bootstrap/src/lib/draweritem/config.js","statementMap":{"0":{"start":{"line":1,"column":31},"end":{"line":1,"column":36}},"1":{"start":{"line":2,"column":34},"end":{"line":2,"column":39}},"2":{"start":{"line":3,"column":33},"end":{"line":3,"column":37}},"3":{"start":{"line":4,"column":36},"end":{"line":4,"column":40}}},"fnMap":{},"branchMap":{},"s":{"0":1,"1":1,"2":1,"3":1},"f":{},"b":{},"_coverageSchema":"332fd63041d2c1bcb487cc26dd0d5f7d97098a6c","hash":"98822d6b24dbc2413653ee3422704568132c13a6"}
,"/Users/sooraj/wp2react-bootstrap/src/lib/draweritem/draweritem.js": {"path":"/Users/sooraj/wp2react-bootstrap/src/lib/draweritem/draweritem.js","statementMap":{"0":{"start":{"line":23,"column":4},"end":{"line":104,"column":6}},"1":{"start":{"line":26,"column":23},"end":{"line":26,"column":43}},"2":{"start":{"line":108,"column":0},"end":{"line":122,"column":2}},"3":{"start":{"line":124,"column":0},"end":{"line":138,"column":2}}},"fnMap":{"0":{"name":"(anonymous_0)","decl":{"start":{"line":22,"column":2},"end":{"line":22,"column":3}},"loc":{"start":{"line":22,"column":11},"end":{"line":105,"column":3}},"line":22},"1":{"name":"(anonymous_1)","decl":{"start":{"line":26,"column":17},"end":{"line":26,"column":18}},"loc":{"start":{"line":26,"column":23},"end":{"line":26,"column":43}},"line":26}},"branchMap":{"0":{"loc":{"start":{"line":28,"column":10},"end":{"line":32,"column":27}},"type":"cond-expr","locations":[{"start":{"line":30,"column":10},"end":{"line":30,"column":36}},{"start":{"line":32,"column":10},"end":{"line":32,"column":27}}],"line":28},"1":{"loc":{"start":{"line":36,"column":10},"end":{"line":55,"column":20}},"type":"cond-expr","locations":[{"start":{"line":38,"column":12},"end":{"line":53,"column":19}},{"start":{"line":55,"column":12},"end":{"line":55,"column":20}}],"line":36},"2":{"loc":{"start":{"line":40,"column":16},"end":{"line":44,"column":41}},"type":"cond-expr","locations":[{"start":{"line":42,"column":16},"end":{"line":42,"column":50}},{"start":{"line":44,"column":16},"end":{"line":44,"column":41}}],"line":40},"3":{"loc":{"start":{"line":59,"column":12},"end":{"line":68,"column":13}},"type":"cond-expr","locations":[{"start":{"line":61,"column":12},"end":{"line":61,"column":37}},{"start":{"line":63,"column":12},"end":{"line":68,"column":13}}],"line":59},"4":{"loc":{"start":{"line":64,"column":21},"end":{"line":64,"column":80}},"type":"cond-expr","locations":[{"start":{"line":64,"column":44},"end":{"line":64,"column":59}},{"start":{"line":64,"column":62},"end":{"line":64,"column":80}}],"line":64},"5":{"loc":{"start":{"line":65,"column":27},"end":{"line":65,"column":90}},"type":"cond-expr","locations":[{"start":{"line":65,"column":50},"end":{"line":65,"column":67}},{"start":{"line":65,"column":70},"end":{"line":65,"column":90}}],"line":65},"6":{"loc":{"start":{"line":72,"column":14},"end":{"line":76,"column":26}},"type":"cond-expr","locations":[{"start":{"line":74,"column":14},"end":{"line":74,"column":35}},{"start":{"line":76,"column":14},"end":{"line":76,"column":26}}],"line":72},"7":{"loc":{"start":{"line":84,"column":12},"end":{"line":88,"column":37}},"type":"cond-expr","locations":[{"start":{"line":86,"column":12},"end":{"line":86,"column":46}},{"start":{"line":88,"column":12},"end":{"line":88,"column":37}}],"line":84},"8":{"loc":{"start":{"line":92,"column":12},"end":{"line":100,"column":22}},"type":"cond-expr","locations":[{"start":{"line":94,"column":14},"end":{"line":98,"column":16}},{"start":{"line":100,"column":14},"end":{"line":100,"column":22}}],"line":92}},"s":{"0":4,"1":1,"2":1,"3":1},"f":{"0":4,"1":1},"b":{"0":[3,1],"1":[2,2],"2":[1,1],"3":[3,1],"4":[1,0],"5":[1,0],"6":[3,1],"7":[3,1],"8":[2,2]},"_coverageSchema":"332fd63041d2c1bcb487cc26dd0d5f7d97098a6c","hash":"820b9150c32206b69ae42e59a9377146ed916a50"}
,"/Users/sooraj/wp2react-bootstrap/src/lib/draweritem/styles.js": {"path":"/Users/sooraj/wp2react-bootstrap/src/lib/draweritem/styles.js","statementMap":{"0":{"start":{"line":6,"column":19},"end":{"line":6,"column":43}},"1":{"start":{"line":8,"column":15},"end":{"line":42,"column":2}}},"fnMap":{},"branchMap":{},"s":{"0":1,"1":1},"f":{},"b":{},"_coverageSchema":"332fd63041d2c1bcb487cc26dd0d5f7d97098a6c","hash":"4115fd165f641a5c82299576854f83b9f02f8107"}
,"/Users/sooraj/wp2react-bootstrap/src/lib/dropdown/dropdown.js": {"path":"/Users/sooraj/wp2react-bootstrap/src/lib/dropdown/dropdown.js","statementMap":{"0":{"start":{"line":25,"column":4},"end":{"line":25,"column":17}},"1":{"start":{"line":26,"column":4},"end":{"line":28,"column":6}},"2":{"start":{"line":32,"column":4},"end":{"line":32,"column":45}},"3":{"start":{"line":36,"column":4},"end":{"line":36,"column":43}},"4":{"start":{"line":37,"column":4},"end":{"line":37,"column":34}},"5":{"start":{"line":40,"column":34},"end":{"line":40,"column":39}},"6":{"start":{"line":43,"column":4},"end":{"line":162,"column":6}},"7":{"start":{"line":59,"column":12},"end":{"line":59,"column":40}},"8":{"start":{"line":84,"column":18},"end":{"line":96,"column":37}},"9":{"start":{"line":86,"column":35},"end":{"line":86,"column":58}},"10":{"start":{"line":109,"column":16},"end":{"line":109,"column":63}},"11":{"start":{"line":142,"column":32},"end":{"line":142,"column":78}},"12":{"start":{"line":153,"column":25},"end":{"line":153,"column":71}},"13":{"start":{"line":166,"column":0},"end":{"line":181,"column":2}},"14":{"start":{"line":183,"column":0},"end":{"line":198,"column":2}}},"fnMap":{"0":{"name":"(anonymous_0)","decl":{"start":{"line":24,"column":2},"end":{"line":24,"column":3}},"loc":{"start":{"line":24,"column":21},"end":{"line":29,"column":3}},"line":24},"1":{"name":"(anonymous_1)","decl":{"start":{"line":31,"column":2},"end":{"line":31,"column":3}},"loc":{"start":{"line":31,"column":27},"end":{"line":33,"column":3}},"line":31},"2":{"name":"(anonymous_2)","decl":{"start":{"line":35,"column":2},"end":{"line":35,"column":3}},"loc":{"start":{"line":35,"column":21},"end":{"line":38,"column":3}},"line":35},"3":{"name":"(anonymous_3)","decl":{"start":{"line":40,"column":17},"end":{"line":40,"column":18}},"loc":{"start":{"line":40,"column":34},"end":{"line":40,"column":39}},"line":40},"4":{"name":"(anonymous_4)","decl":{"start":{"line":42,"column":2},"end":{"line":42,"column":3}},"loc":{"start":{"line":42,"column":11},"end":{"line":163,"column":3}},"line":42},"5":{"name":"(anonymous_5)","decl":{"start":{"line":58,"column":26},"end":{"line":58,"column":27}},"loc":{"start":{"line":58,"column":32},"end":{"line":60,"column":11}},"line":58},"6":{"name":"(anonymous_6)","decl":{"start":{"line":83,"column":28},"end":{"line":83,"column":29}},"loc":{"start":{"line":84,"column":18},"end":{"line":96,"column":37}},"line":84},"7":{"name":"(anonymous_7)","decl":{"start":{"line":86,"column":29},"end":{"line":86,"column":30}},"loc":{"start":{"line":86,"column":35},"end":{"line":86,"column":58}},"line":86},"8":{"name":"(anonymous_8)","decl":{"start":{"line":108,"column":23},"end":{"line":108,"column":24}},"loc":{"start":{"line":108,"column":29},"end":{"line":110,"column":15}},"line":108},"9":{"name":"(anonymous_9)","decl":{"start":{"line":142,"column":26},"end":{"line":142,"column":27}},"loc":{"start":{"line":142,"column":32},"end":{"line":142,"column":78}},"line":142},"10":{"name":"(anonymous_10)","decl":{"start":{"line":153,"column":19},"end":{"line":153,"column":20}},"loc":{"start":{"line":153,"column":25},"end":{"line":153,"column":71}},"line":153}},"branchMap":{"0":{"loc":{"start":{"line":46,"column":10},"end":{"line":50,"column":26}},"type":"cond-expr","locations":[{"start":{"line":48,"column":10},"end":{"line":48,"column":35}},{"start":{"line":50,"column":10},"end":{"line":50,"column":26}}],"line":46},"1":{"loc":{"start":{"line":64,"column":14},"end":{"line":68,"column":35}},"type":"cond-expr","locations":[{"start":{"line":66,"column":14},"end":{"line":66,"column":44}},{"start":{"line":68,"column":14},"end":{"line":68,"column":35}}],"line":64},"2":{"loc":{"start":{"line":73,"column":16},"end":{"line":77,"column":36}},"type":"cond-expr","locations":[{"start":{"line":75,"column":16},"end":{"line":75,"column":45}},{"start":{"line":77,"column":16},"end":{"line":77,"column":36}}],"line":73},"3":{"loc":{"start":{"line":88,"column":22},"end":{"line":92,"column":33}},"type":"cond-expr","locations":[{"start":{"line":90,"column":22},"end":{"line":90,"column":42}},{"start":{"line":92,"column":22},"end":{"line":92,"column":33}}],"line":88},"4":{"loc":{"start":{"line":102,"column":16},"end":{"line":106,"column":35}},"type":"cond-expr","locations":[{"start":{"line":104,"column":16},"end":{"line":104,"column":44}},{"start":{"line":106,"column":16},"end":{"line":106,"column":35}}],"line":102},"5":{"loc":{"start":{"line":114,"column":18},"end":{"line":118,"column":42}},"type":"cond-expr","locations":[{"start":{"line":116,"column":18},"end":{"line":116,"column":51}},{"start":{"line":118,"column":18},"end":{"line":118,"column":42}}],"line":114},"6":{"loc":{"start":{"line":129,"column":12},"end":{"line":133,"column":33}},"type":"cond-expr","locations":[{"start":{"line":131,"column":12},"end":{"line":131,"column":42}},{"start":{"line":133,"column":12},"end":{"line":133,"column":33}}],"line":129},"7":{"loc":{"start":{"line":136,"column":12},"end":{"line":140,"column":32}},"type":"cond-expr","locations":[{"start":{"line":138,"column":12},"end":{"line":138,"column":41}},{"start":{"line":140,"column":12},"end":{"line":140,"column":32}}],"line":136},"8":{"loc":{"start":{"line":147,"column":12},"end":{"line":151,"column":32}},"type":"cond-expr","locations":[{"start":{"line":149,"column":12},"end":{"line":149,"column":41}},{"start":{"line":151,"column":12},"end":{"line":151,"column":32}}],"line":147}},"s":{"0":6,"1":6,"2":4,"3":2,"4":2,"5":12,"6":12,"7":1,"8":12,"9":1,"10":1,"11":0,"12":1,"13":1,"14":1},"f":{"0":6,"1":4,"2":2,"3":12,"4":12,"5":1,"6":12,"7":1,"8":1,"9":0,"10":1},"b":{"0":[1,11],"1":[1,11],"2":[1,11],"3":[10,2],"4":[1,11],"5":[1,11],"6":[1,11],"7":[1,11],"8":[1,11]},"_coverageSchema":"332fd63041d2c1bcb487cc26dd0d5f7d97098a6c","hash":"2e7304873fac2d473ca872ecd69fcee4efd2f231"}
,"/Users/sooraj/wp2react-bootstrap/src/lib/dropdown/styles.js": {"path":"/Users/sooraj/wp2react-bootstrap/src/lib/dropdown/styles.js","statementMap":{"0":{"start":{"line":7,"column":19},"end":{"line":7,"column":43}},"1":{"start":{"line":9,"column":15},"end":{"line":70,"column":2}}},"fnMap":{},"branchMap":{},"s":{"0":1,"1":1},"f":{},"b":{},"_coverageSchema":"332fd63041d2c1bcb487cc26dd0d5f7d97098a6c","hash":"41d32ac99c0d94e8f3aac519edcd0bdc6c5228d9"}
,"/Users/sooraj/wp2react-bootstrap/src/lib/horizontalmenu/config.js": {"path":"/Users/sooraj/wp2react-bootstrap/src/lib/horizontalmenu/config.js","statementMap":{"0":{"start":{"line":1,"column":28},"end":{"line":1,"column":29}}},"fnMap":{},"branchMap":{},"s":{"0":1},"f":{},"b":{},"_coverageSchema":"332fd63041d2c1bcb487cc26dd0d5f7d97098a6c","hash":"53344dbfc21f5a2804eedde118500ac80b2e274c"}
,"/Users/sooraj/wp2react-bootstrap/src/lib/horizontalmenu/horizontalmenu.js": {"path":"/Users/sooraj/wp2react-bootstrap/src/lib/horizontalmenu/horizontalmenu.js","statementMap":{"0":{"start":{"line":20,"column":4},"end":{"line":28,"column":6}},"1":{"start":{"line":32,"column":0},"end":{"line":35,"column":2}},"2":{"start":{"line":37,"column":0},"end":{"line":40,"column":2}}},"fnMap":{"0":{"name":"(anonymous_0)","decl":{"start":{"line":19,"column":2},"end":{"line":19,"column":3}},"loc":{"start":{"line":19,"column":11},"end":{"line":29,"column":3}},"line":19}},"branchMap":{"0":{"loc":{"start":{"line":23,"column":31},"end":{"line":23,"column":85}},"type":"cond-expr","locations":[{"start":{"line":23,"column":50},"end":{"line":23,"column":66}},{"start":{"line":23,"column":69},"end":{"line":23,"column":85}}],"line":23}},"s":{"0":2,"1":1,"2":1},"f":{"0":2},"b":{"0":[1,1]},"_coverageSchema":"332fd63041d2c1bcb487cc26dd0d5f7d97098a6c","hash":"bf27a3069caa2cbeac3883c73b2ef76d8e94bdbb"}
,"/Users/sooraj/wp2react-bootstrap/src/lib/horizontalmenu/horizontalmenuitem.js": {"path":"/Users/sooraj/wp2react-bootstrap/src/lib/horizontalmenu/horizontalmenuitem.js","statementMap":{"0":{"start":{"line":24,"column":4},"end":{"line":59,"column":6}},"1":{"start":{"line":27,"column":23},"end":{"line":27,"column":74}},"2":{"start":{"line":63,"column":0},"end":{"line":70,"column":2}},"3":{"start":{"line":72,"column":0},"end":{"line":79,"column":2}}},"fnMap":{"0":{"name":"(anonymous_0)","decl":{"start":{"line":23,"column":2},"end":{"line":23,"column":3}},"loc":{"start":{"line":23,"column":11},"end":{"line":60,"column":3}},"line":23},"1":{"name":"(anonymous_1)","decl":{"start":{"line":27,"column":17},"end":{"line":27,"column":18}},"loc":{"start":{"line":27,"column":23},"end":{"line":27,"column":74}},"line":27}},"branchMap":{"0":{"loc":{"start":{"line":29,"column":10},"end":{"line":33,"column":34}},"type":"cond-expr","locations":[{"start":{"line":31,"column":10},"end":{"line":31,"column":43}},{"start":{"line":33,"column":10},"end":{"line":33,"column":34}}],"line":29},"1":{"loc":{"start":{"line":46,"column":16},"end":{"line":50,"column":32}},"type":"cond-expr","locations":[{"start":{"line":48,"column":16},"end":{"line":48,"column":41}},{"start":{"line":50,"column":16},"end":{"line":50,"column":32}}],"line":46}},"s":{"0":3,"1":1,"2":1,"3":1},"f":{"0":3,"1":1},"b":{"0":[1,2],"1":[1,2]},"_coverageSchema":"332fd63041d2c1bcb487cc26dd0d5f7d97098a6c","hash":"4d609b22171bae2ee21ecbf60ac8b993346d7144"}
,"/Users/sooraj/wp2react-bootstrap/src/lib/horizontalmenu/styles.js": {"path":"/Users/sooraj/wp2react-bootstrap/src/lib/horizontalmenu/styles.js","statementMap":{"0":{"start":{"line":6,"column":26},"end":{"line":6,"column":50}},"1":{"start":{"line":8,"column":15},"end":{"line":38,"column":2}}},"fnMap":{},"branchMap":{},"s":{"0":2,"1":2},"f":{},"b":{},"_coverageSchema":"332fd63041d2c1bcb487cc26dd0d5f7d97098a6c","hash":"456d0df7a7d54fdc3efe72af55400401e38b5334"}
,"/Users/sooraj/wp2react-bootstrap/src/lib/listitem/config.js": {"path":"/Users/sooraj/wp2react-bootstrap/src/lib/listitem/config.js","statementMap":{"0":{"start":{"line":1,"column":27},"end":{"line":1,"column":28}},"1":{"start":{"line":2,"column":33},"end":{"line":2,"column":34}}},"fnMap":{},"branchMap":{},"s":{"0":1,"1":1},"f":{},"b":{},"_coverageSchema":"332fd63041d2c1bcb487cc26dd0d5f7d97098a6c","hash":"1451921f79b8012f00fa2aef54c39cc820a62fd0"}
,"/Users/sooraj/wp2react-bootstrap/src/lib/listitem/listitem.js": {"path":"/Users/sooraj/wp2react-bootstrap/src/lib/listitem/listitem.js","statementMap":{"0":{"start":{"line":22,"column":15},"end":{"line":22,"column":50}},"1":{"start":{"line":27,"column":4},"end":{"line":27,"column":43}},"2":{"start":{"line":31,"column":4},"end":{"line":177,"column":6}},"3":{"start":{"line":181,"column":0},"end":{"line":204,"column":2}},"4":{"start":{"line":206,"column":0},"end":{"line":229,"column":2}}},"fnMap":{"0":{"name":"(anonymous_0)","decl":{"start":{"line":26,"column":2},"end":{"line":26,"column":3}},"loc":{"start":{"line":26,"column":23},"end":{"line":28,"column":3}},"line":26},"1":{"name":"(anonymous_1)","decl":{"start":{"line":30,"column":2},"end":{"line":30,"column":3}},"loc":{"start":{"line":30,"column":11},"end":{"line":178,"column":3}},"line":30}},"branchMap":{"0":{"loc":{"start":{"line":34,"column":10},"end":{"line":38,"column":26}},"type":"cond-expr","locations":[{"start":{"line":36,"column":10},"end":{"line":36,"column":35}},{"start":{"line":38,"column":10},"end":{"line":38,"column":26}}],"line":34},"1":{"loc":{"start":{"line":43,"column":12},"end":{"line":47,"column":33}},"type":"cond-expr","locations":[{"start":{"line":45,"column":12},"end":{"line":45,"column":42}},{"start":{"line":47,"column":12},"end":{"line":47,"column":33}}],"line":43},"2":{"loc":{"start":{"line":52,"column":19},"end":{"line":52,"column":79}},"type":"cond-expr","locations":[{"start":{"line":52,"column":43},"end":{"line":52,"column":64}},{"start":{"line":52,"column":67},"end":{"line":52,"column":79}}],"line":52},"3":{"loc":{"start":{"line":57,"column":12},"end":{"line":61,"column":35}},"type":"cond-expr","locations":[{"start":{"line":59,"column":12},"end":{"line":59,"column":44}},{"start":{"line":61,"column":12},"end":{"line":61,"column":35}}],"line":57},"4":{"loc":{"start":{"line":66,"column":14},"end":{"line":70,"column":35}},"type":"cond-expr","locations":[{"start":{"line":68,"column":14},"end":{"line":68,"column":44}},{"start":{"line":70,"column":14},"end":{"line":70,"column":35}}],"line":66},"5":{"loc":{"start":{"line":76,"column":16},"end":{"line":80,"column":28}},"type":"cond-expr","locations":[{"start":{"line":78,"column":16},"end":{"line":78,"column":37}},{"start":{"line":80,"column":16},"end":{"line":80,"column":28}}],"line":76},"6":{"loc":{"start":{"line":88,"column":14},"end":{"line":92,"column":41}},"type":"cond-expr","locations":[{"start":{"line":90,"column":14},"end":{"line":90,"column":50}},{"start":{"line":92,"column":14},"end":{"line":92,"column":41}}],"line":88},"7":{"loc":{"start":{"line":98,"column":16},"end":{"line":102,"column":34}},"type":"cond-expr","locations":[{"start":{"line":100,"column":16},"end":{"line":100,"column":43}},{"start":{"line":102,"column":16},"end":{"line":102,"column":34}}],"line":98},"8":{"loc":{"start":{"line":110,"column":14},"end":{"line":114,"column":45}},"type":"cond-expr","locations":[{"start":{"line":112,"column":14},"end":{"line":112,"column":54}},{"start":{"line":114,"column":14},"end":{"line":114,"column":45}}],"line":110},"9":{"loc":{"start":{"line":121,"column":16},"end":{"line":125,"column":33}},"type":"cond-expr","locations":[{"start":{"line":123,"column":16},"end":{"line":123,"column":43}},{"start":{"line":125,"column":16},"end":{"line":125,"column":33}}],"line":121},"10":{"loc":{"start":{"line":128,"column":16},"end":{"line":132,"column":29}},"type":"cond-expr","locations":[{"start":{"line":130,"column":16},"end":{"line":130,"column":38}},{"start":{"line":132,"column":16},"end":{"line":132,"column":29}}],"line":128},"11":{"loc":{"start":{"line":138,"column":18},"end":{"line":142,"column":37}},"type":"cond-expr","locations":[{"start":{"line":140,"column":18},"end":{"line":140,"column":46}},{"start":{"line":142,"column":18},"end":{"line":142,"column":37}}],"line":138},"12":{"loc":{"start":{"line":149,"column":18},"end":{"line":153,"column":41}},"type":"cond-expr","locations":[{"start":{"line":151,"column":18},"end":{"line":151,"column":50}},{"start":{"line":153,"column":18},"end":{"line":153,"column":41}}],"line":149},"13":{"loc":{"start":{"line":163,"column":12},"end":{"line":167,"column":32}},"type":"cond-expr","locations":[{"start":{"line":165,"column":12},"end":{"line":165,"column":41}},{"start":{"line":167,"column":12},"end":{"line":167,"column":32}}],"line":163}},"s":{"0":1,"1":1,"2":3,"3":1,"4":1},"f":{"0":1,"1":3},"b":{"0":[1,2],"1":[1,2],"2":[1,2],"3":[1,2],"4":[1,2],"5":[1,2],"6":[1,2],"7":[1,2],"8":[1,2],"9":[1,2],"10":[1,2],"11":[1,2],"12":[1,2],"13":[1,2]},"_coverageSchema":"332fd63041d2c1bcb487cc26dd0d5f7d97098a6c","hash":"e84bf207f67ff6f753c32d1300f00fa494cd093a"}
,"/Users/sooraj/wp2react-bootstrap/src/lib/listitem/styles.js": {"path":"/Users/sooraj/wp2react-bootstrap/src/lib/listitem/styles.js","statementMap":{"0":{"start":{"line":8,"column":26},"end":{"line":8,"column":50}},"1":{"start":{"line":10,"column":15},"end":{"line":92,"column":2}}},"fnMap":{},"branchMap":{"0":{"loc":{"start":{"line":72,"column":14},"end":{"line":72,"column":61}},"type":"cond-expr","locations":[{"start":{"line":72,"column":26},"end":{"line":72,"column":45}},{"start":{"line":72,"column":48},"end":{"line":72,"column":61}}],"line":72}},"s":{"0":1,"1":1},"f":{},"b":{"0":[1,0]},"_coverageSchema":"332fd63041d2c1bcb487cc26dd0d5f7d97098a6c","hash":"6e897c2dc88fd629997ef11004f9f567e6be4a72"}
,"/Users/sooraj/wp2react-bootstrap/src/lib/navheader/navheader.js": {"path":"/Users/sooraj/wp2react-bootstrap/src/lib/navheader/navheader.js","statementMap":{"0":{"start":{"line":21,"column":4},"end":{"line":83,"column":6}},"1":{"start":{"line":33,"column":25},"end":{"line":33,"column":54}},"2":{"start":{"line":64,"column":29},"end":{"line":64,"column":56}},"3":{"start":{"line":87,"column":0},"end":{"line":101,"column":2}},"4":{"start":{"line":103,"column":0},"end":{"line":117,"column":2}}},"fnMap":{"0":{"name":"(anonymous_0)","decl":{"start":{"line":20,"column":2},"end":{"line":20,"column":3}},"loc":{"start":{"line":20,"column":11},"end":{"line":84,"column":3}},"line":20},"1":{"name":"(anonymous_1)","decl":{"start":{"line":33,"column":19},"end":{"line":33,"column":20}},"loc":{"start":{"line":33,"column":25},"end":{"line":33,"column":54}},"line":33},"2":{"name":"(anonymous_2)","decl":{"start":{"line":64,"column":23},"end":{"line":64,"column":24}},"loc":{"start":{"line":64,"column":29},"end":{"line":64,"column":56}},"line":64}},"branchMap":{"0":{"loc":{"start":{"line":24,"column":10},"end":{"line":28,"column":26}},"type":"cond-expr","locations":[{"start":{"line":26,"column":10},"end":{"line":26,"column":35}},{"start":{"line":28,"column":10},"end":{"line":28,"column":26}}],"line":24},"1":{"loc":{"start":{"line":35,"column":12},"end":{"line":39,"column":37}},"type":"cond-expr","locations":[{"start":{"line":37,"column":12},"end":{"line":37,"column":46}},{"start":{"line":39,"column":12},"end":{"line":39,"column":37}}],"line":35},"2":{"loc":{"start":{"line":50,"column":12},"end":{"line":54,"column":34}},"type":"cond-expr","locations":[{"start":{"line":52,"column":12},"end":{"line":52,"column":43}},{"start":{"line":54,"column":12},"end":{"line":54,"column":34}}],"line":50},"3":{"loc":{"start":{"line":60,"column":10},"end":{"line":80,"column":20}},"type":"cond-expr","locations":[{"start":{"line":62,"column":12},"end":{"line":78,"column":31}},{"start":{"line":80,"column":12},"end":{"line":80,"column":20}}],"line":60},"4":{"loc":{"start":{"line":66,"column":16},"end":{"line":70,"column":39}},"type":"cond-expr","locations":[{"start":{"line":68,"column":16},"end":{"line":68,"column":48}},{"start":{"line":70,"column":16},"end":{"line":70,"column":39}}],"line":66}},"s":{"0":5,"1":1,"2":1,"3":1,"4":1},"f":{"0":5,"1":1,"2":1},"b":{"0":[3,2],"1":[3,2],"2":[3,2],"3":[4,1],"4":[3,1]},"_coverageSchema":"332fd63041d2c1bcb487cc26dd0d5f7d97098a6c","hash":"deea60ac481a42877407f8975c06598e20c38821"}
,"/Users/sooraj/wp2react-bootstrap/src/lib/navheader/styles.js": {"path":"/Users/sooraj/wp2react-bootstrap/src/lib/navheader/styles.js","statementMap":{"0":{"start":{"line":6,"column":19},"end":{"line":6,"column":43}},"1":{"start":{"line":8,"column":15},"end":{"line":34,"column":2}}},"fnMap":{},"branchMap":{},"s":{"0":1,"1":1},"f":{},"b":{},"_coverageSchema":"332fd63041d2c1bcb487cc26dd0d5f7d97098a6c","hash":"24b0a7565af670f701a11c193656303bd5c313d7"}
,"/Users/sooraj/wp2react-bootstrap/src/lib/notificationbar/notificationbar.js": {"path":"/Users/sooraj/wp2react-bootstrap/src/lib/notificationbar/notificationbar.js","statementMap":{"0":{"start":{"line":21,"column":4},"end":{"line":80,"column":6}},"1":{"start":{"line":84,"column":0},"end":{"line":96,"column":2}},"2":{"start":{"line":98,"column":0},"end":{"line":110,"column":2}}},"fnMap":{"0":{"name":"(anonymous_0)","decl":{"start":{"line":20,"column":2},"end":{"line":20,"column":3}},"loc":{"start":{"line":20,"column":11},"end":{"line":81,"column":3}},"line":20}},"branchMap":{"0":{"loc":{"start":{"line":24,"column":9},"end":{"line":28,"column":26}},"type":"cond-expr","locations":[{"start":{"line":26,"column":10},"end":{"line":26,"column":35}},{"start":{"line":28,"column":10},"end":{"line":28,"column":26}}],"line":24},"1":{"loc":{"start":{"line":34,"column":12},"end":{"line":38,"column":32}},"type":"cond-expr","locations":[{"start":{"line":36,"column":12},"end":{"line":36,"column":41}},{"start":{"line":38,"column":12},"end":{"line":38,"column":32}}],"line":34},"2":{"loc":{"start":{"line":43,"column":13},"end":{"line":47,"column":27}},"type":"cond-expr","locations":[{"start":{"line":45,"column":14},"end":{"line":45,"column":36}},{"start":{"line":47,"column":14},"end":{"line":47,"column":27}}],"line":43},"3":{"loc":{"start":{"line":60,"column":12},"end":{"line":64,"column":35}},"type":"cond-expr","locations":[{"start":{"line":62,"column":12},"end":{"line":62,"column":44}},{"start":{"line":64,"column":12},"end":{"line":64,"column":35}}],"line":60},"4":{"loc":{"start":{"line":69,"column":14},"end":{"line":73,"column":28}},"type":"cond-expr","locations":[{"start":{"line":71,"column":14},"end":{"line":71,"column":37}},{"start":{"line":73,"column":14},"end":{"line":73,"column":28}}],"line":69}},"s":{"0":2,"1":1,"2":1},"f":{"0":2},"b":{"0":[1,1],"1":[1,1],"2":[1,1],"3":[1,1],"4":[1,1]},"_coverageSchema":"332fd63041d2c1bcb487cc26dd0d5f7d97098a6c","hash":"6dad9bfb39f6734526c2b9f98ce03144b2ec8be5"}
,"/Users/sooraj/wp2react-bootstrap/src/lib/notificationbar/styles.js": {"path":"/Users/sooraj/wp2react-bootstrap/src/lib/notificationbar/styles.js","statementMap":{"0":{"start":{"line":6,"column":19},"end":{"line":6,"column":43}},"1":{"start":{"line":8,"column":15},"end":{"line":39,"column":2}}},"fnMap":{},"branchMap":{},"s":{"0":1,"1":1},"f":{},"b":{},"_coverageSchema":"332fd63041d2c1bcb487cc26dd0d5f7d97098a6c","hash":"6c9f83ab52155b0149284d18caf513b90fa55c8b"}
,"/Users/sooraj/wp2react-bootstrap/src/lib/radiobutton/radiobutton.js": {"path":"/Users/sooraj/wp2react-bootstrap/src/lib/radiobutton/radiobutton.js","statementMap":{"0":{"start":{"line":22,"column":4},"end":{"line":22,"column":17}},"1":{"start":{"line":23,"column":4},"end":{"line":25,"column":6}},"2":{"start":{"line":29,"column":4},"end":{"line":29,"column":46}},"3":{"start":{"line":30,"column":4},"end":{"line":30,"column":37}},"4":{"start":{"line":34,"column":4},"end":{"line":97,"column":6}},"5":{"start":{"line":46,"column":13},"end":{"line":93,"column":20}},"6":{"start":{"line":58,"column":32},"end":{"line":58,"column":69}},"7":{"start":{"line":101,"column":0},"end":{"line":113,"column":2}},"8":{"start":{"line":115,"column":0},"end":{"line":127,"column":2}}},"fnMap":{"0":{"name":"(anonymous_0)","decl":{"start":{"line":21,"column":2},"end":{"line":21,"column":3}},"loc":{"start":{"line":21,"column":21},"end":{"line":26,"column":3}},"line":21},"1":{"name":"(anonymous_1)","decl":{"start":{"line":28,"column":2},"end":{"line":28,"column":3}},"loc":{"start":{"line":28,"column":28},"end":{"line":31,"column":3}},"line":28},"2":{"name":"(anonymous_2)","decl":{"start":{"line":33,"column":2},"end":{"line":33,"column":3}},"loc":{"start":{"line":33,"column":11},"end":{"line":98,"column":3}},"line":33},"3":{"name":"(anonymous_3)","decl":{"start":{"line":45,"column":42},"end":{"line":45,"column":43}},"loc":{"start":{"line":46,"column":13},"end":{"line":93,"column":20}},"line":46},"4":{"name":"(anonymous_4)","decl":{"start":{"line":58,"column":26},"end":{"line":58,"column":27}},"loc":{"start":{"line":58,"column":32},"end":{"line":58,"column":69}},"line":58}},"branchMap":{"0":{"loc":{"start":{"line":37,"column":8},"end":{"line":41,"column":34}},"type":"cond-expr","locations":[{"start":{"line":39,"column":8},"end":{"line":39,"column":43}},{"start":{"line":41,"column":8},"end":{"line":41,"column":34}}],"line":37},"1":{"loc":{"start":{"line":49,"column":17},"end":{"line":53,"column":33}},"type":"cond-expr","locations":[{"start":{"line":51,"column":17},"end":{"line":51,"column":47}},{"start":{"line":53,"column":17},"end":{"line":53,"column":33}}],"line":49},"2":{"loc":{"start":{"line":64,"column":21},"end":{"line":68,"column":43}},"type":"cond-expr","locations":[{"start":{"line":66,"column":21},"end":{"line":66,"column":43}},{"start":{"line":68,"column":21},"end":{"line":68,"column":43}}],"line":64},"3":{"loc":{"start":{"line":74,"column":19},"end":{"line":78,"column":39}},"type":"cond-expr","locations":[{"start":{"line":76,"column":19},"end":{"line":76,"column":48}},{"start":{"line":78,"column":19},"end":{"line":78,"column":39}}],"line":74},"4":{"loc":{"start":{"line":83,"column":21},"end":{"line":87,"column":38}},"type":"cond-expr","locations":[{"start":{"line":85,"column":21},"end":{"line":85,"column":47}},{"start":{"line":87,"column":21},"end":{"line":87,"column":38}}],"line":83}},"s":{"0":3,"1":3,"2":1,"3":1,"4":4,"5":16,"6":1,"7":1,"8":1},"f":{"0":3,"1":1,"2":4,"3":16,"4":1},"b":{"0":[1,3],"1":[4,12],"2":[4,12],"3":[4,12],"4":[4,12]},"_coverageSchema":"332fd63041d2c1bcb487cc26dd0d5f7d97098a6c","hash":"2e6f4b6c836022f81a541a016fab24229f998e7e"}
,"/Users/sooraj/wp2react-bootstrap/src/lib/radiobutton/styles.js": {"path":"/Users/sooraj/wp2react-bootstrap/src/lib/radiobutton/styles.js","statementMap":{"0":{"start":{"line":6,"column":15},"end":{"line":21,"column":2}}},"fnMap":{},"branchMap":{},"s":{"0":1},"f":{},"b":{},"_coverageSchema":"332fd63041d2c1bcb487cc26dd0d5f7d97098a6c","hash":"705fbdddbde3d5d422ba7d67f86b051a1d29f730"}
,"/Users/sooraj/wp2react-bootstrap/src/lib/splashscreen/splashscreen.js": {"path":"/Users/sooraj/wp2react-bootstrap/src/lib/splashscreen/splashscreen.js","statementMap":{"0":{"start":{"line":19,"column":20},"end":{"line":19,"column":54}},"1":{"start":{"line":24,"column":21},"end":{"line":24,"column":40}},"2":{"start":{"line":25,"column":4},"end":{"line":25,"column":63}},"3":{"start":{"line":25,"column":21},"end":{"line":25,"column":51}},"4":{"start":{"line":29,"column":4},"end":{"line":101,"column":6}},"5":{"start":{"line":105,"column":0},"end":{"line":117,"column":2}},"6":{"start":{"line":119,"column":0},"end":{"line":131,"column":2}}},"fnMap":{"0":{"name":"(anonymous_0)","decl":{"start":{"line":23,"column":2},"end":{"line":23,"column":3}},"loc":{"start":{"line":23,"column":22},"end":{"line":26,"column":3}},"line":23},"1":{"name":"(anonymous_1)","decl":{"start":{"line":25,"column":15},"end":{"line":25,"column":16}},"loc":{"start":{"line":25,"column":21},"end":{"line":25,"column":51}},"line":25},"2":{"name":"(anonymous_2)","decl":{"start":{"line":28,"column":2},"end":{"line":28,"column":3}},"loc":{"start":{"line":28,"column":11},"end":{"line":102,"column":3}},"line":28}},"branchMap":{"0":{"loc":{"start":{"line":30,"column":8},"end":{"line":100,"column":17}},"type":"cond-expr","locations":[{"start":{"line":32,"column":10},"end":{"line":65,"column":28}},{"start":{"line":67,"column":10},"end":{"line":100,"column":17}}],"line":30},"1":{"loc":{"start":{"line":36,"column":14},"end":{"line":40,"column":36}},"type":"cond-expr","locations":[{"start":{"line":38,"column":14},"end":{"line":38,"column":45}},{"start":{"line":40,"column":14},"end":{"line":40,"column":36}}],"line":36},"2":{"loc":{"start":{"line":45,"column":14},"end":{"line":49,"column":30}},"type":"cond-expr","locations":[{"start":{"line":47,"column":14},"end":{"line":47,"column":39}},{"start":{"line":49,"column":14},"end":{"line":49,"column":30}}],"line":45},"3":{"loc":{"start":{"line":56,"column":14},"end":{"line":60,"column":29}},"type":"cond-expr","locations":[{"start":{"line":58,"column":14},"end":{"line":58,"column":38}},{"start":{"line":60,"column":14},"end":{"line":60,"column":29}}],"line":56},"4":{"loc":{"start":{"line":69,"column":13},"end":{"line":73,"column":30}},"type":"cond-expr","locations":[{"start":{"line":71,"column":14},"end":{"line":71,"column":39}},{"start":{"line":73,"column":14},"end":{"line":73,"column":30}}],"line":69},"5":{"loc":{"start":{"line":80,"column":14},"end":{"line":84,"column":30}},"type":"cond-expr","locations":[{"start":{"line":82,"column":14},"end":{"line":82,"column":39}},{"start":{"line":84,"column":14},"end":{"line":84,"column":30}}],"line":80},"6":{"loc":{"start":{"line":91,"column":14},"end":{"line":95,"column":29}},"type":"cond-expr","locations":[{"start":{"line":93,"column":14},"end":{"line":93,"column":38}},{"start":{"line":95,"column":14},"end":{"line":95,"column":29}}],"line":91}},"s":{"0":1,"1":4,"2":4,"3":4,"4":4,"5":1,"6":1},"f":{"0":4,"1":4,"2":4},"b":{"0":[2,2],"1":[1,1],"2":[1,1],"3":[1,1],"4":[1,1],"5":[1,1],"6":[1,1]},"_coverageSchema":"332fd63041d2c1bcb487cc26dd0d5f7d97098a6c","hash":"6121bbc8ab0cc5dea08ab40c09397f312021a530"}
,"/Users/sooraj/wp2react-bootstrap/src/lib/splashscreen/styles.js": {"path":"/Users/sooraj/wp2react-bootstrap/src/lib/splashscreen/styles.js","statementMap":{"0":{"start":{"line":6,"column":18},"end":{"line":6,"column":42}},"1":{"start":{"line":8,"column":15},"end":{"line":32,"column":2}}},"fnMap":{},"branchMap":{},"s":{"0":1,"1":1},"f":{},"b":{},"_coverageSchema":"332fd63041d2c1bcb487cc26dd0d5f7d97098a6c","hash":"1452d4fca448fcfac775bf9e8ef8079c24ccb712"}
,"/Users/sooraj/wp2react-bootstrap/src/lib/tabbar/styles.js": {"path":"/Users/sooraj/wp2react-bootstrap/src/lib/tabbar/styles.js","statementMap":{"0":{"start":{"line":6,"column":19},"end":{"line":6,"column":43}},"1":{"start":{"line":8,"column":15},"end":{"line":28,"column":2}}},"fnMap":{},"branchMap":{},"s":{"0":1,"1":1},"f":{},"b":{},"_coverageSchema":"332fd63041d2c1bcb487cc26dd0d5f7d97098a6c","hash":"f4f2decab956799739e104852dc19a26cc028b7e"}
,"/Users/sooraj/wp2react-bootstrap/src/lib/tabbar/tabbar.js": {"path":"/Users/sooraj/wp2react-bootstrap/src/lib/tabbar/tabbar.js","statementMap":{"0":{"start":{"line":19,"column":18},"end":{"line":19,"column":42}},"1":{"start":{"line":24,"column":4},"end":{"line":24,"column":17}},"2":{"start":{"line":25,"column":4},"end":{"line":27,"column":6}},"3":{"start":{"line":31,"column":4},"end":{"line":31,"column":29}},"4":{"start":{"line":32,"column":4},"end":{"line":32,"column":40}},"5":{"start":{"line":36,"column":26},"end":{"line":36,"column":52}},"6":{"start":{"line":37,"column":4},"end":{"line":87,"column":6}},"7":{"start":{"line":49,"column":13},"end":{"line":83,"column":32}},"8":{"start":{"line":52,"column":30},"end":{"line":52,"column":61}},"9":{"start":{"line":92,"column":0},"end":{"line":102,"column":2}},"10":{"start":{"line":104,"column":0},"end":{"line":114,"column":2}}},"fnMap":{"0":{"name":"(anonymous_0)","decl":{"start":{"line":23,"column":2},"end":{"line":23,"column":3}},"loc":{"start":{"line":23,"column":21},"end":{"line":28,"column":3}},"line":23},"1":{"name":"(anonymous_1)","decl":{"start":{"line":30,"column":2},"end":{"line":30,"column":3}},"loc":{"start":{"line":30,"column":26},"end":{"line":33,"column":3}},"line":30},"2":{"name":"(anonymous_2)","decl":{"start":{"line":35,"column":2},"end":{"line":35,"column":3}},"loc":{"start":{"line":35,"column":11},"end":{"line":88,"column":3}},"line":35},"3":{"name":"(anonymous_3)","decl":{"start":{"line":48,"column":35},"end":{"line":48,"column":36}},"loc":{"start":{"line":49,"column":13},"end":{"line":83,"column":32}},"line":49},"4":{"name":"(anonymous_4)","decl":{"start":{"line":52,"column":24},"end":{"line":52,"column":25}},"loc":{"start":{"line":52,"column":30},"end":{"line":52,"column":61}},"line":52}},"branchMap":{"0":{"loc":{"start":{"line":40,"column":10},"end":{"line":44,"column":26}},"type":"cond-expr","locations":[{"start":{"line":42,"column":10},"end":{"line":42,"column":26}},{"start":{"line":44,"column":10},"end":{"line":44,"column":26}}],"line":40},"1":{"loc":{"start":{"line":54,"column":17},"end":{"line":69,"column":52}},"type":"cond-expr","locations":[{"start":{"line":58,"column":17},"end":{"line":62,"column":52}},{"start":{"line":64,"column":17},"end":{"line":69,"column":52}}],"line":54},"2":{"loc":{"start":{"line":54,"column":17},"end":{"line":56,"column":50}},"type":"binary-expr","locations":[{"start":{"line":54,"column":17},"end":{"line":54,"column":49}},{"start":{"line":56,"column":17},"end":{"line":56,"column":50}}],"line":54},"3":{"loc":{"start":{"line":58,"column":18},"end":{"line":61,"column":52}},"type":"cond-expr","locations":[{"start":{"line":59,"column":19},"end":{"line":59,"column":51}},{"start":{"line":61,"column":19},"end":{"line":61,"column":52}}],"line":58},"4":{"loc":{"start":{"line":64,"column":18},"end":{"line":68,"column":37}},"type":"cond-expr","locations":[{"start":{"line":66,"column":19},"end":{"line":66,"column":36}},{"start":{"line":68,"column":19},"end":{"line":68,"column":37}}],"line":64},"5":{"loc":{"start":{"line":76,"column":19},"end":{"line":80,"column":41}},"type":"cond-expr","locations":[{"start":{"line":78,"column":19},"end":{"line":78,"column":41}},{"start":{"line":80,"column":19},"end":{"line":80,"column":41}}],"line":76}},"s":{"0":1,"1":4,"2":4,"3":2,"4":2,"5":6,"6":6,"7":24,"8":1,"9":1,"10":1},"f":{"0":4,"1":2,"2":6,"3":24,"4":1},"b":{"0":[1,5],"1":[4,20],"2":[24,4],"3":[1,3],"4":[5,15],"5":[6,18]},"_coverageSchema":"332fd63041d2c1bcb487cc26dd0d5f7d97098a6c","hash":"f06ba80b8a60455d6161765ae25dbf33d01dec60"}
,"/Users/sooraj/wp2react-bootstrap/src/lib/textinput/styles.js": {"path":"/Users/sooraj/wp2react-bootstrap/src/lib/textinput/styles.js","statementMap":{"0":{"start":{"line":5,"column":15},"end":{"line":27,"column":2}}},"fnMap":{},"branchMap":{},"s":{"0":1},"f":{},"b":{},"_coverageSchema":"332fd63041d2c1bcb487cc26dd0d5f7d97098a6c","hash":"2f7a766654782c93b408dee4aa86b2552b1b008b"}
,"/Users/sooraj/wp2react-bootstrap/src/lib/textinput/textinput.js": {"path":"/Users/sooraj/wp2react-bootstrap/src/lib/textinput/textinput.js","statementMap":{"0":{"start":{"line":20,"column":4},"end":{"line":20,"column":17}},"1":{"start":{"line":21,"column":4},"end":{"line":24,"column":6}},"2":{"start":{"line":28,"column":4},"end":{"line":28,"column":35}},"3":{"start":{"line":29,"column":16},"end":{"line":29,"column":32}},"4":{"start":{"line":30,"column":24},"end":{"line":30,"column":46}},"5":{"start":{"line":31,"column":4},"end":{"line":37,"column":5}},"6":{"start":{"line":32,"column":6},"end":{"line":32,"column":38}},"7":{"start":{"line":33,"column":6},"end":{"line":33,"column":54}},"8":{"start":{"line":35,"column":6},"end":{"line":35,"column":37}},"9":{"start":{"line":36,"column":6},"end":{"line":36,"column":53}},"10":{"start":{"line":41,"column":25},"end":{"line":45,"column":29}},"11":{"start":{"line":47,"column":26},"end":{"line":51,"column":23}},"12":{"start":{"line":53,"column":4},"end":{"line":91,"column":6}},"13":{"start":{"line":87,"column":32},"end":{"line":87,"column":56}},"14":{"start":{"line":96,"column":0},"end":{"line":108,"column":2}},"15":{"start":{"line":110,"column":0},"end":{"line":122,"column":2}}},"fnMap":{"0":{"name":"(anonymous_0)","decl":{"start":{"line":19,"column":2},"end":{"line":19,"column":3}},"loc":{"start":{"line":19,"column":21},"end":{"line":25,"column":3}},"line":19},"1":{"name":"(anonymous_1)","decl":{"start":{"line":27,"column":2},"end":{"line":27,"column":3}},"loc":{"start":{"line":27,"column":23},"end":{"line":38,"column":3}},"line":27},"2":{"name":"(anonymous_2)","decl":{"start":{"line":40,"column":2},"end":{"line":40,"column":3}},"loc":{"start":{"line":40,"column":11},"end":{"line":92,"column":3}},"line":40},"3":{"name":"(anonymous_3)","decl":{"start":{"line":87,"column":24},"end":{"line":87,"column":25}},"loc":{"start":{"line":87,"column":32},"end":{"line":87,"column":56}},"line":87}},"branchMap":{"0":{"loc":{"start":{"line":31,"column":4},"end":{"line":37,"column":5}},"type":"if","locations":[{"start":{"line":31,"column":4},"end":{"line":37,"column":5}},{"start":{"line":31,"column":4},"end":{"line":37,"column":5}}],"line":31},"1":{"loc":{"start":{"line":41,"column":25},"end":{"line":45,"column":29}},"type":"cond-expr","locations":[{"start":{"line":43,"column":4},"end":{"line":43,"column":34}},{"start":{"line":45,"column":4},"end":{"line":45,"column":29}}],"line":41},"2":{"loc":{"start":{"line":47,"column":26},"end":{"line":51,"column":23}},"type":"cond-expr","locations":[{"start":{"line":49,"column":4},"end":{"line":49,"column":30}},{"start":{"line":51,"column":4},"end":{"line":51,"column":23}}],"line":47},"3":{"loc":{"start":{"line":56,"column":10},"end":{"line":71,"column":20}},"type":"cond-expr","locations":[{"start":{"line":58,"column":12},"end":{"line":69,"column":19}},{"start":{"line":71,"column":12},"end":{"line":71,"column":20}}],"line":56},"4":{"loc":{"start":{"line":61,"column":16},"end":{"line":65,"column":33}},"type":"cond-expr","locations":[{"start":{"line":63,"column":16},"end":{"line":63,"column":42}},{"start":{"line":65,"column":16},"end":{"line":65,"column":33}}],"line":61},"5":{"loc":{"start":{"line":81,"column":12},"end":{"line":85,"column":26}},"type":"cond-expr","locations":[{"start":{"line":83,"column":13},"end":{"line":83,"column":25}},{"start":{"line":85,"column":13},"end":{"line":85,"column":26}}],"line":81}},"s":{"0":5,"1":5,"2":5,"3":5,"4":5,"5":5,"6":2,"7":2,"8":3,"9":3,"10":15,"11":15,"12":15,"13":1,"14":1,"15":1},"f":{"0":5,"1":5,"2":15,"3":1},"b":{"0":[2,3],"1":[3,12],"2":[3,12],"3":[3,12],"4":[1,2],"5":[1,14]},"_coverageSchema":"332fd63041d2c1bcb487cc26dd0d5f7d97098a6c","hash":"0076a8eb2c9817dae32d7068347386796736d7cc"}
,"/Users/sooraj/wp2react-bootstrap/src/lib/textinputeditor/styles.js": {"path":"/Users/sooraj/wp2react-bootstrap/src/lib/textinputeditor/styles.js","statementMap":{"0":{"start":{"line":5,"column":15},"end":{"line":35,"column":2}}},"fnMap":{},"branchMap":{},"s":{"0":1},"f":{},"b":{},"_coverageSchema":"332fd63041d2c1bcb487cc26dd0d5f7d97098a6c","hash":"11ce8af8d4fb4fd0dfb5e2a4389d736aae078648"}
,"/Users/sooraj/wp2react-bootstrap/src/lib/textinputeditor/textinputeditor.js": {"path":"/Users/sooraj/wp2react-bootstrap/src/lib/textinputeditor/textinputeditor.js","statementMap":{"0":{"start":{"line":22,"column":4},"end":{"line":90,"column":6}},"1":{"start":{"line":71,"column":66},"end":{"line":71,"column":95}},"2":{"start":{"line":78,"column":67},"end":{"line":78,"column":97}},"3":{"start":{"line":94,"column":0},"end":{"line":110,"column":2}},"4":{"start":{"line":113,"column":0},"end":{"line":129,"column":2}}},"fnMap":{"0":{"name":"(anonymous_0)","decl":{"start":{"line":21,"column":2},"end":{"line":21,"column":3}},"loc":{"start":{"line":21,"column":11},"end":{"line":91,"column":3}},"line":21},"1":{"name":"(anonymous_1)","decl":{"start":{"line":71,"column":60},"end":{"line":71,"column":61}},"loc":{"start":{"line":71,"column":66},"end":{"line":71,"column":95}},"line":71},"2":{"name":"(anonymous_2)","decl":{"start":{"line":78,"column":61},"end":{"line":78,"column":62}},"loc":{"start":{"line":78,"column":67},"end":{"line":78,"column":97}},"line":78}},"branchMap":{"0":{"loc":{"start":{"line":25,"column":10},"end":{"line":29,"column":26}},"type":"cond-expr","locations":[{"start":{"line":27,"column":10},"end":{"line":27,"column":35}},{"start":{"line":29,"column":10},"end":{"line":29,"column":26}}],"line":25},"1":{"loc":{"start":{"line":34,"column":12},"end":{"line":38,"column":43}},"type":"cond-expr","locations":[{"start":{"line":36,"column":12},"end":{"line":36,"column":52}},{"start":{"line":38,"column":12},"end":{"line":38,"column":43}}],"line":34},"2":{"loc":{"start":{"line":43,"column":14},"end":{"line":47,"column":35}},"type":"cond-expr","locations":[{"start":{"line":45,"column":14},"end":{"line":45,"column":44}},{"start":{"line":47,"column":14},"end":{"line":47,"column":35}}],"line":43},"3":{"loc":{"start":{"line":52,"column":16},"end":{"line":56,"column":28}},"type":"cond-expr","locations":[{"start":{"line":54,"column":16},"end":{"line":54,"column":37}},{"start":{"line":56,"column":16},"end":{"line":56,"column":28}}],"line":52},"4":{"loc":{"start":{"line":64,"column":14},"end":{"line":68,"column":34}},"type":"cond-expr","locations":[{"start":{"line":66,"column":14},"end":{"line":66,"column":43}},{"start":{"line":68,"column":14},"end":{"line":68,"column":34}}],"line":64}},"s":{"0":3,"1":1,"2":1,"3":1,"4":1},"f":{"0":3,"1":1,"2":1},"b":{"0":[2,1],"1":[2,1],"2":[2,1],"3":[2,1],"4":[2,1]},"_coverageSchema":"332fd63041d2c1bcb487cc26dd0d5f7d97098a6c","hash":"3129a9349221bcdb6a9ffed3ebbf3e88157abc82"}
,"/Users/sooraj/wp2react-bootstrap/src/lib/textinputwithicon/styles.js": {"path":"/Users/sooraj/wp2react-bootstrap/src/lib/textinputwithicon/styles.js","statementMap":{"0":{"start":{"line":6,"column":19},"end":{"line":6,"column":43}},"1":{"start":{"line":9,"column":15},"end":{"line":58,"column":2}}},"fnMap":{},"branchMap":{},"s":{"0":1,"1":1},"f":{},"b":{},"_coverageSchema":"332fd63041d2c1bcb487cc26dd0d5f7d97098a6c","hash":"aecba9b657dc34fde2b97f2faf55c5eaf888e40e"}
,"/Users/sooraj/wp2react-bootstrap/src/lib/textinputwithicon/textinputwithicon.js": {"path":"/Users/sooraj/wp2react-bootstrap/src/lib/textinputwithicon/textinputwithicon.js","statementMap":{"0":{"start":{"line":23,"column":4},"end":{"line":23,"column":17}},"1":{"start":{"line":24,"column":4},"end":{"line":27,"column":6}},"2":{"start":{"line":31,"column":4},"end":{"line":31,"column":35}},"3":{"start":{"line":32,"column":16},"end":{"line":32,"column":32}},"4":{"start":{"line":33,"column":24},"end":{"line":33,"column":46}},"5":{"start":{"line":34,"column":4},"end":{"line":40,"column":5}},"6":{"start":{"line":35,"column":6},"end":{"line":35,"column":38}},"7":{"start":{"line":36,"column":6},"end":{"line":36,"column":54}},"8":{"start":{"line":38,"column":6},"end":{"line":38,"column":37}},"9":{"start":{"line":39,"column":6},"end":{"line":39,"column":53}},"10":{"start":{"line":44,"column":32},"end":{"line":48,"column":25}},"11":{"start":{"line":50,"column":32},"end":{"line":54,"column":25}},"12":{"start":{"line":56,"column":4},"end":{"line":136,"column":6}},"13":{"start":{"line":99,"column":34},"end":{"line":99,"column":58}},"14":{"start":{"line":107,"column":31},"end":{"line":107,"column":62}},"15":{"start":{"line":141,"column":0},"end":{"line":162,"column":2}},"16":{"start":{"line":164,"column":0},"end":{"line":188,"column":2}}},"fnMap":{"0":{"name":"(anonymous_0)","decl":{"start":{"line":22,"column":2},"end":{"line":22,"column":3}},"loc":{"start":{"line":22,"column":21},"end":{"line":28,"column":3}},"line":22},"1":{"name":"(anonymous_1)","decl":{"start":{"line":30,"column":2},"end":{"line":30,"column":3}},"loc":{"start":{"line":30,"column":23},"end":{"line":41,"column":3}},"line":30},"2":{"name":"(anonymous_2)","decl":{"start":{"line":43,"column":2},"end":{"line":43,"column":3}},"loc":{"start":{"line":43,"column":11},"end":{"line":137,"column":3}},"line":43},"3":{"name":"(anonymous_3)","decl":{"start":{"line":99,"column":26},"end":{"line":99,"column":27}},"loc":{"start":{"line":99,"column":34},"end":{"line":99,"column":58}},"line":99},"4":{"name":"(anonymous_4)","decl":{"start":{"line":107,"column":25},"end":{"line":107,"column":26}},"loc":{"start":{"line":107,"column":31},"end":{"line":107,"column":62}},"line":107}},"branchMap":{"0":{"loc":{"start":{"line":34,"column":4},"end":{"line":40,"column":5}},"type":"if","locations":[{"start":{"line":34,"column":4},"end":{"line":40,"column":5}},{"start":{"line":34,"column":4},"end":{"line":40,"column":5}}],"line":34},"1":{"loc":{"start":{"line":44,"column":32},"end":{"line":48,"column":25}},"type":"cond-expr","locations":[{"start":{"line":46,"column":4},"end":{"line":46,"column":34}},{"start":{"line":48,"column":4},"end":{"line":48,"column":25}}],"line":44},"2":{"loc":{"start":{"line":50,"column":32},"end":{"line":54,"column":25}},"type":"cond-expr","locations":[{"start":{"line":52,"column":4},"end":{"line":52,"column":34}},{"start":{"line":54,"column":4},"end":{"line":54,"column":25}}],"line":50},"3":{"loc":{"start":{"line":59,"column":10},"end":{"line":74,"column":20}},"type":"cond-expr","locations":[{"start":{"line":61,"column":12},"end":{"line":72,"column":19}},{"start":{"line":74,"column":12},"end":{"line":74,"column":20}}],"line":59},"4":{"loc":{"start":{"line":64,"column":16},"end":{"line":68,"column":33}},"type":"cond-expr","locations":[{"start":{"line":66,"column":16},"end":{"line":66,"column":42}},{"start":{"line":68,"column":16},"end":{"line":68,"column":33}}],"line":64},"5":{"loc":{"start":{"line":76,"column":21},"end":{"line":76,"column":81}},"type":"cond-expr","locations":[{"start":{"line":76,"column":40},"end":{"line":76,"column":59}},{"start":{"line":76,"column":62},"end":{"line":76,"column":81}}],"line":76},"6":{"loc":{"start":{"line":78,"column":12},"end":{"line":89,"column":22}},"type":"cond-expr","locations":[{"start":{"line":80,"column":14},"end":{"line":87,"column":21}},{"start":{"line":89,"column":14},"end":{"line":89,"column":22}}],"line":78},"7":{"loc":{"start":{"line":98,"column":19},"end":{"line":98,"column":94}},"type":"cond-expr","locations":[{"start":{"line":98,"column":47},"end":{"line":98,"column":72}},{"start":{"line":98,"column":75},"end":{"line":98,"column":94}}],"line":98},"8":{"loc":{"start":{"line":103,"column":12},"end":{"line":132,"column":22}},"type":"cond-expr","locations":[{"start":{"line":105,"column":14},"end":{"line":130,"column":33}},{"start":{"line":132,"column":14},"end":{"line":132,"column":22}}],"line":103},"9":{"loc":{"start":{"line":109,"column":18},"end":{"line":113,"column":38}},"type":"cond-expr","locations":[{"start":{"line":111,"column":18},"end":{"line":111,"column":47}},{"start":{"line":113,"column":18},"end":{"line":113,"column":38}}],"line":109},"10":{"loc":{"start":{"line":117,"column":18},"end":{"line":128,"column":22}},"type":"cond-expr","locations":[{"start":{"line":119,"column":20},"end":{"line":121,"column":27}},{"start":{"line":123,"column":20},"end":{"line":128,"column":22}}],"line":117}},"s":{"0":8,"1":8,"2":5,"3":5,"4":5,"5":5,"6":2,"7":2,"8":3,"9":3,"10":18,"11":18,"12":18,"13":1,"14":1,"15":1,"16":1},"f":{"0":8,"1":5,"2":18,"3":1,"4":1},"b":{"0":[2,3],"1":[1,17],"2":[1,17],"3":[3,15],"4":[1,2],"5":[3,15],"6":[12,6],"7":[1,17],"8":[6,12],"9":[1,5],"10":[5,1]},"_coverageSchema":"332fd63041d2c1bcb487cc26dd0d5f7d97098a6c","hash":"db674cdeca179ed37f78cf92706fab0096962f51"}
}
