TN:
SF:/Users/sooraj/wp2react-bootstrap/src/assets/alert1.png
FNF:0
FNH:0
DA:1,1
LF:1
LH:1
BRF:0
BRH:0
end_of_record
TN:
SF:/Users/sooraj/wp2react-bootstrap/src/assets/creditcard.png
FNF:0
FNH:0
DA:1,1
LF:1
LH:1
BRF:0
BRH:0
end_of_record
TN:
SF:/Users/sooraj/wp2react-bootstrap/src/assets/decoration.png
FNF:0
FNH:0
DA:1,1
LF:1
LH:1
BRF:0
BRH:0
end_of_record
TN:
SF:/Users/sooraj/wp2react-bootstrap/src/assets/gift.png
FNF:0
FNH:0
DA:1,1
LF:1
LH:1
BRF:0
BRH:0
end_of_record
TN:
SF:/Users/sooraj/wp2react-bootstrap/src/assets/pine.png
FNF:0
FNH:0
DA:1,1
LF:1
LH:1
BRF:0
BRH:0
end_of_record
TN:
SF:/Users/sooraj/wp2react-bootstrap/src/assets/product.png
FNF:0
FNH:0
DA:1,1
LF:1
LH:1
BRF:0
BRH:0
end_of_record
TN:
SF:/Users/sooraj/wp2react-bootstrap/src/assets/splash.png
FNF:0
FNH:0
DA:1,1
LF:1
LH:1
BRF:0
BRH:0
end_of_record
TN:
SF:/Users/sooraj/wp2react-bootstrap/src/components/banner/bannerConfig.js
FNF:0
FNH:0
DA:1,1
DA:2,1
DA:3,1
DA:5,1
LF:4
LH:4
BRF:0
BRH:0
end_of_record
TN:
SF:/Users/sooraj/wp2react-bootstrap/src/components/radiobutton/radioButtonConfig.js
FNF:0
FNH:0
DA:2,1
LF:1
LH:1
BRF:0
BRH:0
end_of_record
TN:
SF:/Users/sooraj/wp2react-bootstrap/src/components/tabbar/tabBarConfig.js
FNF:0
FNH:0
DA:2,1
LF:1
LH:1
BRF:0
BRH:0
end_of_record
TN:
SF:/Users/sooraj/wp2react-bootstrap/src/lib/alert/alert.js
FN:23,(anonymous_0)
FN:49,(anonymous_1)
FNF:2
FNH:2
FNDA:4,(anonymous_0)
FNDA:4,(anonymous_1)
DA:19,1
DA:24,4
DA:26,2
DA:34,2
DA:50,4
DA:80,1
DA:92,1
LF:7
LH:7
BRDA:24,0,0,2
BRDA:24,0,1,2
BRDA:38,1,0,1
BRDA:38,1,1,1
BRDA:53,2,0,2
BRDA:53,2,1,2
BRDA:65,3,0,2
BRDA:65,3,1,2
BRF:8
BRH:8
end_of_record
TN:
SF:/Users/sooraj/wp2react-bootstrap/src/lib/alert/styles.js
FNF:0
FNH:0
DA:6,1
DA:8,1
LF:2
LH:2
BRF:0
BRH:0
end_of_record
TN:
SF:/Users/sooraj/wp2react-bootstrap/src/lib/banner/banner.js
FN:23,(anonymous_0)
FN:34,(anonymous_1)
FNF:2
FNH:2
FNDA:3,(anonymous_0)
FNDA:1,(anonymous_1)
DA:24,3
DA:34,1
DA:76,1
DA:88,1
LF:4
LH:4
BRDA:27,0,0,1
BRDA:27,0,1,2
BRDA:40,1,0,1
BRDA:40,1,1,2
BRDA:49,2,0,1
BRDA:49,2,1,2
BRDA:59,3,0,1
BRDA:59,3,1,2
BRF:8
BRH:8
end_of_record
TN:
SF:/Users/sooraj/wp2react-bootstrap/src/lib/banner/config.js
FNF:0
FNH:0
DA:1,1
LF:1
LH:1
BRF:0
BRH:0
end_of_record
TN:
SF:/Users/sooraj/wp2react-bootstrap/src/lib/banner/styles.js
FNF:0
FNH:0
DA:6,1
DA:8,1
LF:2
LH:2
BRF:0
BRH:0
end_of_record
TN:
SF:/Users/sooraj/wp2react-bootstrap/src/lib/button/button.js
FN:20,(anonymous_0)
FN:50,(anonymous_1)
FN:54,(anonymous_2)
FNF:3
FNH:3
FNDA:33,(anonymous_0)
FNDA:33,(anonymous_1)
FNDA:1,(anonymous_2)
DA:21,33
DA:23,1
DA:32,32
DA:51,33
DA:54,1
DA:65,5
DA:76,5
LF:7
LH:7
BRDA:21,0,0,1
BRDA:21,0,1,32
BRDA:37,1,0,31
BRDA:37,1,1,1
BRDA:55,2,0,31
BRDA:55,2,1,2
BRF:6
BRH:6
end_of_record
TN:
SF:/Users/sooraj/wp2react-bootstrap/src/lib/button/styles.js
FNF:0
FNH:0
DA:5,5
LF:1
LH:1
BRF:0
BRH:0
end_of_record
TN:
SF:/Users/sooraj/wp2react-bootstrap/src/lib/card/card.js
FN:23,(anonymous_0)
FNF:1
FNH:1
FNDA:3,(anonymous_0)
DA:24,3
DA:164,1
DA:186,1
LF:3
LH:3
BRDA:27,0,0,1
BRDA:27,0,1,2
BRDA:36,1,0,1
BRDA:36,1,1,2
BRDA:46,2,0,1
BRDA:46,2,1,2
BRDA:56,3,0,1
BRDA:56,3,1,2
BRDA:65,4,0,1
BRDA:65,4,1,2
BRDA:75,5,0,1
BRDA:75,5,1,2
BRDA:82,6,0,1
BRDA:82,6,1,2
BRDA:87,7,0,1
BRDA:87,7,1,2
BRDA:97,8,0,1
BRDA:97,8,1,2
BRDA:109,9,0,1
BRDA:109,9,1,2
BRDA:119,10,0,1
BRDA:119,10,1,2
BRDA:126,11,0,1
BRDA:126,11,1,2
BRDA:136,12,0,1
BRDA:136,12,1,2
BRDA:147,13,0,1
BRDA:147,13,1,2
BRF:28
BRH:28
end_of_record
TN:
SF:/Users/sooraj/wp2react-bootstrap/src/lib/card/config.js
FNF:0
FNH:0
DA:1,1
DA:2,1
DA:3,1
LF:3
LH:3
BRF:0
BRH:0
end_of_record
TN:
SF:/Users/sooraj/wp2react-bootstrap/src/lib/card/styles.js
FNF:0
FNH:0
DA:8,1
DA:10,1
LF:2
LH:2
BRDA:81,0,0,1
BRDA:81,0,1,0
BRF:2
BRH:1
end_of_record
TN:
SF:/Users/sooraj/wp2react-bootstrap/src/lib/checkbox/checkbox.js
FN:21,(anonymous_0)
FN:28,(anonymous_1)
FN:37,(anonymous_2)
FN:48,(anonymous_3)
FNF:4
FNH:4
FNDA:5,(anonymous_0)
FNDA:3,(anonymous_1)
FNDA:8,(anonymous_2)
FNDA:1,(anonymous_3)
DA:22,5
DA:23,5
DA:29,3
DA:30,3
DA:31,1
DA:33,2
DA:38,8
DA:48,1
DA:82,1
DA:94,1
LF:10
LH:10
BRDA:30,0,0,1
BRDA:30,0,1,2
BRDA:42,1,0,1
BRDA:42,1,1,7
BRDA:51,2,0,2
BRDA:51,2,1,6
BRDA:57,3,0,1
BRDA:57,3,1,7
BRDA:66,4,0,1
BRDA:66,4,1,7
BRF:10
BRH:10
end_of_record
TN:
SF:/Users/sooraj/wp2react-bootstrap/src/lib/checkbox/styles.js
FNF:0
FNH:0
DA:5,1
LF:1
LH:1
BRF:0
BRH:0
end_of_record
TN:
SF:/Users/sooraj/wp2react-bootstrap/src/lib/collapsible/collapsible.js
FN:21,(anonymous_0)
FN:28,(anonymous_1)
FN:37,(anonymous_2)
FN:50,(anonymous_3)
FNF:4
FNH:4
FNDA:4,(anonymous_0)
FNDA:3,(anonymous_1)
FNDA:7,(anonymous_2)
FNDA:1,(anonymous_3)
DA:22,4
DA:23,4
DA:29,3
DA:30,1
DA:32,2
DA:38,7
DA:50,1
DA:116,1
DA:131,1
LF:9
LH:9
BRDA:29,0,0,1
BRDA:29,0,1,2
BRDA:41,1,0,6
BRDA:41,1,1,1
BRDA:52,2,0,6
BRDA:52,2,1,1
BRDA:61,3,0,6
BRDA:61,3,1,1
BRDA:70,4,0,6
BRDA:70,4,1,1
BRDA:82,5,0,5
BRDA:82,5,1,2
BRDA:91,6,0,2
BRDA:91,6,1,5
BRDA:99,7,0,2
BRDA:99,7,1,5
BRDA:108,8,0,2
BRDA:108,8,1,5
BRF:18
BRH:18
end_of_record
TN:
SF:/Users/sooraj/wp2react-bootstrap/src/lib/collapsible/styles.js
FNF:0
FNH:0
DA:6,1
DA:8,1
LF:2
LH:2
BRF:0
BRH:0
end_of_record
TN:
SF:/Users/sooraj/wp2react-bootstrap/src/lib/creditcardview/config.js
FNF:0
FNH:0
DA:1,1
DA:2,1
LF:2
LH:2
BRF:0
BRH:0
end_of_record
TN:
SF:/Users/sooraj/wp2react-bootstrap/src/lib/creditcardview/creditcardview.js
FN:24,(anonymous_0)
FNF:1
FNH:1
FNDA:4,(anonymous_0)
DA:20,1
DA:25,4
DA:26,4
DA:27,4
DA:127,1
DA:144,1
LF:6
LH:6
BRDA:30,0,0,1
BRDA:30,0,1,3
BRDA:43,1,0,1
BRDA:43,1,1,3
BRDA:52,2,0,1
BRDA:52,2,1,3
BRDA:71,3,0,1
BRDA:71,3,1,3
BRDA:80,4,0,1
BRDA:80,4,1,3
BRDA:90,5,0,1
BRDA:90,5,1,3
BRDA:100,6,0,1
BRDA:100,6,1,3
BRDA:111,7,0,1
BRDA:111,7,1,3
BRF:16
BRH:16
end_of_record
TN:
SF:/Users/sooraj/wp2react-bootstrap/src/lib/creditcardview/styles.js
FNF:0
FNH:0
DA:7,1
DA:9,1
LF:2
LH:2
BRDA:59,0,0,1
BRDA:59,0,1,0
BRF:2
BRH:1
end_of_record
TN:
SF:/Users/sooraj/wp2react-bootstrap/src/lib/datepicker/config.js
FNF:0
FNH:0
DA:1,1
LF:1
LH:1
BRF:0
BRH:0
end_of_record
TN:
SF:/Users/sooraj/wp2react-bootstrap/src/lib/datepicker/datepicker.js
FN:30,(anonymous_0)
FN:38,(anonymous_1)
FN:46,(anonymous_2)
FN:50,(anonymous_3)
FN:59,(anonymous_4)
FN:87,(anonymous_5)
FN:91,(anonymous_6)
FN:109,(anonymous_7)
FNF:8
FNH:6
FNDA:5,(anonymous_0)
FNDA:3,(anonymous_1)
FNDA:2,(anonymous_2)
FNDA:1,(anonymous_3)
FNDA:11,(anonymous_4)
FNDA:0,(anonymous_5)
FNDA:1,(anonymous_6)
FNDA:0,(anonymous_7)
DA:31,5
DA:32,5
DA:39,3
DA:40,1
DA:42,2
DA:47,2
DA:51,1
DA:52,1
DA:53,1
DA:54,1
DA:55,1
DA:60,11
DA:87,0
DA:91,1
DA:109,0
DA:116,1
DA:127,1
LF:17
LH:15
BRDA:39,0,0,1
BRDA:39,0,1,2
BRDA:63,1,0,5
BRDA:63,1,1,6
BRDA:74,2,0,5
BRDA:74,2,1,6
BRDA:81,3,0,5
BRDA:81,3,1,6
BRDA:93,4,0,5
BRDA:93,4,1,6
BRF:10
BRH:10
end_of_record
TN:
SF:/Users/sooraj/wp2react-bootstrap/src/lib/datepicker/styles.js
FNF:0
FNH:0
DA:6,1
DA:8,1
LF:2
LH:2
BRF:0
BRH:0
end_of_record
TN:
SF:/Users/sooraj/wp2react-bootstrap/src/lib/draweritem/config.js
FNF:0
FNH:0
DA:1,1
DA:2,1
DA:3,1
DA:4,1
LF:4
LH:4
BRF:0
BRH:0
end_of_record
TN:
SF:/Users/sooraj/wp2react-bootstrap/src/lib/draweritem/draweritem.js
FN:22,(anonymous_0)
FN:26,(anonymous_1)
FNF:2
FNH:2
FNDA:4,(anonymous_0)
FNDA:1,(anonymous_1)
DA:23,4
DA:26,1
DA:108,1
DA:124,1
LF:4
LH:4
BRDA:28,0,0,3
BRDA:28,0,1,1
BRDA:36,1,0,2
BRDA:36,1,1,2
BRDA:40,2,0,1
BRDA:40,2,1,1
BRDA:59,3,0,3
BRDA:59,3,1,1
BRDA:64,4,0,1
BRDA:64,4,1,0
BRDA:65,5,0,1
BRDA:65,5,1,0
BRDA:72,6,0,3
BRDA:72,6,1,1
BRDA:84,7,0,3
BRDA:84,7,1,1
BRDA:92,8,0,2
BRDA:92,8,1,2
BRF:18
BRH:16
end_of_record
TN:
SF:/Users/sooraj/wp2react-bootstrap/src/lib/draweritem/styles.js
FNF:0
FNH:0
DA:6,1
DA:8,1
LF:2
LH:2
BRF:0
BRH:0
end_of_record
TN:
SF:/Users/sooraj/wp2react-bootstrap/src/lib/dropdown/dropdown.js
FN:24,(anonymous_0)
FN:31,(anonymous_1)
FN:35,(anonymous_2)
FN:40,(anonymous_3)
FN:42,(anonymous_4)
FN:58,(anonymous_5)
FN:83,(anonymous_6)
FN:86,(anonymous_7)
FN:108,(anonymous_8)
FN:142,(anonymous_9)
FN:153,(anonymous_10)
FNF:11
FNH:10
FNDA:6,(anonymous_0)
FNDA:4,(anonymous_1)
FNDA:2,(anonymous_2)
FNDA:12,(anonymous_3)
FNDA:12,(anonymous_4)
FNDA:1,(anonymous_5)
FNDA:12,(anonymous_6)
FNDA:1,(anonymous_7)
FNDA:1,(anonymous_8)
FNDA:0,(anonymous_9)
FNDA:1,(anonymous_10)
DA:25,6
DA:26,6
DA:32,4
DA:36,2
DA:37,2
DA:40,12
DA:43,12
DA:59,1
DA:84,12
DA:86,1
DA:109,1
DA:142,0
DA:153,1
DA:166,1
DA:183,1
LF:15
LH:14
BRDA:46,0,0,1
BRDA:46,0,1,11
BRDA:64,1,0,1
BRDA:64,1,1,11
BRDA:73,2,0,1
BRDA:73,2,1,11
BRDA:88,3,0,10
BRDA:88,3,1,2
BRDA:102,4,0,1
BRDA:102,4,1,11
BRDA:114,5,0,1
BRDA:114,5,1,11
BRDA:129,6,0,1
BRDA:129,6,1,11
BRDA:136,7,0,1
BRDA:136,7,1,11
BRDA:147,8,0,1
BRDA:147,8,1,11
BRF:18
BRH:18
end_of_record
TN:
SF:/Users/sooraj/wp2react-bootstrap/src/lib/dropdown/styles.js
FNF:0
FNH:0
DA:7,1
DA:9,1
LF:2
LH:2
BRF:0
BRH:0
end_of_record
TN:
SF:/Users/sooraj/wp2react-bootstrap/src/lib/horizontalmenu/config.js
FNF:0
FNH:0
DA:1,1
LF:1
LH:1
BRF:0
BRH:0
end_of_record
TN:
SF:/Users/sooraj/wp2react-bootstrap/src/lib/horizontalmenu/horizontalmenu.js
FN:19,(anonymous_0)
FNF:1
FNH:1
FNDA:2,(anonymous_0)
DA:20,2
DA:32,1
DA:37,1
LF:3
LH:3
BRDA:23,0,0,1
BRDA:23,0,1,1
BRF:2
BRH:2
end_of_record
TN:
SF:/Users/sooraj/wp2react-bootstrap/src/lib/horizontalmenu/horizontalmenuitem.js
FN:23,(anonymous_0)
FN:27,(anonymous_1)
FNF:2
FNH:2
FNDA:3,(anonymous_0)
FNDA:1,(anonymous_1)
DA:24,3
DA:27,1
DA:63,1
DA:72,1
LF:4
LH:4
BRDA:29,0,0,1
BRDA:29,0,1,2
BRDA:46,1,0,1
BRDA:46,1,1,2
BRF:4
BRH:4
end_of_record
TN:
SF:/Users/sooraj/wp2react-bootstrap/src/lib/horizontalmenu/styles.js
FNF:0
FNH:0
DA:6,2
DA:8,2
LF:2
LH:2
BRF:0
BRH:0
end_of_record
TN:
SF:/Users/sooraj/wp2react-bootstrap/src/lib/listitem/config.js
FNF:0
FNH:0
DA:1,1
DA:2,1
LF:2
LH:2
BRF:0
BRH:0
end_of_record
TN:
SF:/Users/sooraj/wp2react-bootstrap/src/lib/listitem/listitem.js
FN:26,(anonymous_0)
FN:30,(anonymous_1)
FNF:2
FNH:2
FNDA:1,(anonymous_0)
FNDA:3,(anonymous_1)
DA:22,1
DA:27,1
DA:31,3
DA:181,1
DA:206,1
LF:5
LH:5
BRDA:34,0,0,1
BRDA:34,0,1,2
BRDA:43,1,0,1
BRDA:43,1,1,2
BRDA:52,2,0,1
BRDA:52,2,1,2
BRDA:57,3,0,1
BRDA:57,3,1,2
BRDA:66,4,0,1
BRDA:66,4,1,2
BRDA:76,5,0,1
BRDA:76,5,1,2
BRDA:88,6,0,1
BRDA:88,6,1,2
BRDA:98,7,0,1
BRDA:98,7,1,2
BRDA:110,8,0,1
BRDA:110,8,1,2
BRDA:121,9,0,1
BRDA:121,9,1,2
BRDA:128,10,0,1
BRDA:128,10,1,2
BRDA:138,11,0,1
BRDA:138,11,1,2
BRDA:149,12,0,1
BRDA:149,12,1,2
BRDA:163,13,0,1
BRDA:163,13,1,2
BRF:28
BRH:28
end_of_record
TN:
SF:/Users/sooraj/wp2react-bootstrap/src/lib/listitem/styles.js
FNF:0
FNH:0
DA:8,1
DA:10,1
LF:2
LH:2
BRDA:72,0,0,1
BRDA:72,0,1,0
BRF:2
BRH:1
end_of_record
TN:
SF:/Users/sooraj/wp2react-bootstrap/src/lib/navheader/navheader.js
FN:20,(anonymous_0)
FN:33,(anonymous_1)
FN:64,(anonymous_2)
FNF:3
FNH:3
FNDA:5,(anonymous_0)
FNDA:1,(anonymous_1)
FNDA:1,(anonymous_2)
DA:21,5
DA:33,1
DA:64,1
DA:87,1
DA:103,1
LF:5
LH:5
BRDA:24,0,0,3
BRDA:24,0,1,2
BRDA:35,1,0,3
BRDA:35,1,1,2
BRDA:50,2,0,3
BRDA:50,2,1,2
BRDA:60,3,0,4
BRDA:60,3,1,1
BRDA:66,4,0,3
BRDA:66,4,1,1
BRF:10
BRH:10
end_of_record
TN:
SF:/Users/sooraj/wp2react-bootstrap/src/lib/navheader/styles.js
FNF:0
FNH:0
DA:6,1
DA:8,1
LF:2
LH:2
BRF:0
BRH:0
end_of_record
TN:
SF:/Users/sooraj/wp2react-bootstrap/src/lib/notificationbar/notificationbar.js
FN:20,(anonymous_0)
FNF:1
FNH:1
FNDA:2,(anonymous_0)
DA:21,2
DA:84,1
DA:98,1
LF:3
LH:3
BRDA:24,0,0,1
BRDA:24,0,1,1
BRDA:34,1,0,1
BRDA:34,1,1,1
BRDA:43,2,0,1
BRDA:43,2,1,1
BRDA:60,3,0,1
BRDA:60,3,1,1
BRDA:69,4,0,1
BRDA:69,4,1,1
BRF:10
BRH:10
end_of_record
TN:
SF:/Users/sooraj/wp2react-bootstrap/src/lib/notificationbar/styles.js
FNF:0
FNH:0
DA:6,1
DA:8,1
LF:2
LH:2
BRF:0
BRH:0
end_of_record
TN:
SF:/Users/sooraj/wp2react-bootstrap/src/lib/radiobutton/radiobutton.js
FN:21,(anonymous_0)
FN:28,(anonymous_1)
FN:33,(anonymous_2)
FN:45,(anonymous_3)
FN:58,(anonymous_4)
FNF:5
FNH:5
FNDA:3,(anonymous_0)
FNDA:1,(anonymous_1)
FNDA:4,(anonymous_2)
FNDA:16,(anonymous_3)
FNDA:1,(anonymous_4)
DA:22,3
DA:23,3
DA:29,1
DA:30,1
DA:34,4
DA:46,16
DA:58,1
DA:101,1
DA:115,1
LF:9
LH:9
BRDA:37,0,0,1
BRDA:37,0,1,3
BRDA:49,1,0,4
BRDA:49,1,1,12
BRDA:64,2,0,4
BRDA:64,2,1,12
BRDA:74,3,0,4
BRDA:74,3,1,12
BRDA:83,4,0,4
BRDA:83,4,1,12
BRF:10
BRH:10
end_of_record
TN:
SF:/Users/sooraj/wp2react-bootstrap/src/lib/radiobutton/styles.js
FNF:0
FNH:0
DA:6,1
LF:1
LH:1
BRF:0
BRH:0
end_of_record
TN:
SF:/Users/sooraj/wp2react-bootstrap/src/lib/splashscreen/splashscreen.js
FN:23,(anonymous_0)
FN:25,(anonymous_1)
FN:28,(anonymous_2)
FNF:3
FNH:3
FNDA:4,(anonymous_0)
FNDA:4,(anonymous_1)
FNDA:4,(anonymous_2)
DA:19,1
DA:24,4
DA:25,4
DA:29,4
DA:105,1
DA:119,1
LF:6
LH:6
BRDA:30,0,0,2
BRDA:30,0,1,2
BRDA:36,1,0,1
BRDA:36,1,1,1
BRDA:45,2,0,1
BRDA:45,2,1,1
BRDA:56,3,0,1
BRDA:56,3,1,1
BRDA:69,4,0,1
BRDA:69,4,1,1
BRDA:80,5,0,1
BRDA:80,5,1,1
BRDA:91,6,0,1
BRDA:91,6,1,1
BRF:14
BRH:14
end_of_record
TN:
SF:/Users/sooraj/wp2react-bootstrap/src/lib/splashscreen/styles.js
FNF:0
FNH:0
DA:6,1
DA:8,1
LF:2
LH:2
BRF:0
BRH:0
end_of_record
TN:
SF:/Users/sooraj/wp2react-bootstrap/src/lib/tabbar/styles.js
FNF:0
FNH:0
DA:6,1
DA:8,1
LF:2
LH:2
BRF:0
BRH:0
end_of_record
TN:
SF:/Users/sooraj/wp2react-bootstrap/src/lib/tabbar/tabbar.js
FN:23,(anonymous_0)
FN:30,(anonymous_1)
FN:35,(anonymous_2)
FN:48,(anonymous_3)
FN:52,(anonymous_4)
FNF:5
FNH:5
FNDA:4,(anonymous_0)
FNDA:2,(anonymous_1)
FNDA:6,(anonymous_2)
FNDA:24,(anonymous_3)
FNDA:1,(anonymous_4)
DA:19,1
DA:24,4
DA:25,4
DA:31,2
DA:32,2
DA:36,6
DA:37,6
DA:49,24
DA:52,1
DA:92,1
DA:104,1
LF:11
LH:11
BRDA:40,0,0,1
BRDA:40,0,1,5
BRDA:54,1,0,4
BRDA:54,1,1,20
BRDA:54,2,0,24
BRDA:54,2,1,4
BRDA:58,3,0,1
BRDA:58,3,1,3
BRDA:64,4,0,5
BRDA:64,4,1,15
BRDA:76,5,0,6
BRDA:76,5,1,18
BRF:12
BRH:12
end_of_record
TN:
SF:/Users/sooraj/wp2react-bootstrap/src/lib/textinput/styles.js
FNF:0
FNH:0
DA:5,1
LF:1
LH:1
BRF:0
BRH:0
end_of_record
TN:
SF:/Users/sooraj/wp2react-bootstrap/src/lib/textinput/textinput.js
FN:19,(anonymous_0)
FN:27,(anonymous_1)
FN:40,(anonymous_2)
FN:87,(anonymous_3)
FNF:4
FNH:4
FNDA:5,(anonymous_0)
FNDA:5,(anonymous_1)
FNDA:15,(anonymous_2)
FNDA:1,(anonymous_3)
DA:20,5
DA:21,5
DA:28,5
DA:29,5
DA:30,5
DA:31,5
DA:32,2
DA:33,2
DA:35,3
DA:36,3
DA:41,15
DA:47,15
DA:53,15
DA:87,1
DA:96,1
DA:110,1
LF:16
LH:16
BRDA:31,0,0,2
BRDA:31,0,1,3
BRDA:41,1,0,3
BRDA:41,1,1,12
BRDA:47,2,0,3
BRDA:47,2,1,12
BRDA:56,3,0,3
BRDA:56,3,1,12
BRDA:61,4,0,1
BRDA:61,4,1,2
BRDA:81,5,0,1
BRDA:81,5,1,14
BRF:12
BRH:12
end_of_record
TN:
SF:/Users/sooraj/wp2react-bootstrap/src/lib/textinputeditor/styles.js
FNF:0
FNH:0
DA:5,1
LF:1
LH:1
BRF:0
BRH:0
end_of_record
TN:
SF:/Users/sooraj/wp2react-bootstrap/src/lib/textinputeditor/textinputeditor.js
FN:21,(anonymous_0)
FN:71,(anonymous_1)
FN:78,(anonymous_2)
FNF:3
FNH:3
FNDA:3,(anonymous_0)
FNDA:1,(anonymous_1)
FNDA:1,(anonymous_2)
DA:22,3
DA:71,1
DA:78,1
DA:94,1
DA:113,1
LF:5
LH:5
BRDA:25,0,0,2
BRDA:25,0,1,1
BRDA:34,1,0,2
BRDA:34,1,1,1
BRDA:43,2,0,2
BRDA:43,2,1,1
BRDA:52,3,0,2
BRDA:52,3,1,1
BRDA:64,4,0,2
BRDA:64,4,1,1
BRF:10
BRH:10
end_of_record
TN:
SF:/Users/sooraj/wp2react-bootstrap/src/lib/textinputwithicon/styles.js
FNF:0
FNH:0
DA:6,1
DA:9,1
LF:2
LH:2
BRF:0
BRH:0
end_of_record
TN:
SF:/Users/sooraj/wp2react-bootstrap/src/lib/textinputwithicon/textinputwithicon.js
FN:22,(anonymous_0)
FN:30,(anonymous_1)
FN:43,(anonymous_2)
FN:99,(anonymous_3)
FN:107,(anonymous_4)
FNF:5
FNH:5
FNDA:8,(anonymous_0)
FNDA:5,(anonymous_1)
FNDA:18,(anonymous_2)
FNDA:1,(anonymous_3)
FNDA:1,(anonymous_4)
DA:23,8
DA:24,8
DA:31,5
DA:32,5
DA:33,5
DA:34,5
DA:35,2
DA:36,2
DA:38,3
DA:39,3
DA:44,18
DA:50,18
DA:56,18
DA:99,1
DA:107,1
DA:141,1
DA:164,1
LF:17
LH:17
BRDA:34,0,0,2
BRDA:34,0,1,3
BRDA:44,1,0,1
BRDA:44,1,1,17
BRDA:50,2,0,1
BRDA:50,2,1,17
BRDA:59,3,0,3
BRDA:59,3,1,15
BRDA:64,4,0,1
BRDA:64,4,1,2
BRDA:76,5,0,3
BRDA:76,5,1,15
BRDA:78,6,0,12
BRDA:78,6,1,6
BRDA:98,7,0,1
BRDA:98,7,1,17
BRDA:103,8,0,6
BRDA:103,8,1,12
BRDA:109,9,0,1
BRDA:109,9,1,5
BRDA:117,10,0,5
BRDA:117,10,1,1
BRF:22
BRH:22
end_of_record
